cTrekGame.c:138: 

=====================NEW LOG=========================


cTrekGame.c:76: preGameMenu: 1
cTrekGame.c:87: deleted saves
player.h:186: static Player* Player::newPlayer()
player.h:206: void Player::initialize(1)
ship.h:40: static int Ship::newShip(1)
ship.h:58: int Ship::setType(1)
ship.h:164: static int Ship::shipCapacity(1, 0)
ship.h:164: static int Ship::shipCapacity(1, 1)
ship.h:164: static int Ship::shipCapacity(1, 2)
ship.h:164: static int Ship::shipCapacity(1, 3)
ship.h:164: static int Ship::shipCapacity(1, 4)
ship.h:164: static int Ship::shipCapacity(1, 5)
system.h:33: static System* System::System(0, 0)
player.h:194: static Player* Player::newEnemy(0)
ship.h:40: static int Ship::newShip(0)
ship.h:58: int Ship::setType(0)
ship.h:164: static int Ship::shipCapacity(0, 0)
ship.h:164: static int Ship::shipCapacity(0, 1)
ship.h:164: static int Ship::shipCapacity(0, 2)
ship.h:164: static int Ship::shipCapacity(0, 3)
ship.h:164: static int Ship::shipCapacity(0, 4)
ship.h:164: static int Ship::shipCapacity(0, 5)
system.h:47: void System::startingSystem()
player.h:291: int Player::setPos(45)
player.h:302: int Player::setGalaxyPos(0, 0)
planet.h:25: Planet Planet::Planet(35)
menu.h:53: static Menu* Menu::newMenu(3, 5)
menu.h:53: static Menu* Menu::newMenu(3, 5)
menu.h:53: static Menu* Menu::newMenu(3, 5)
menu.h:53: static Menu* Menu::newMenu(3, 5)
menu.h:53: static Menu* Menu::newMenu(3, 5)
menu.h:53: static Menu* Menu::newMenu(3, 5)
menu.h:53: static Menu* Menu::newMenu(3, 5)
menu.h:53: static Menu* Menu::newMenu(3, 5)
menu.h:53: static Menu* Menu::newMenu(3, 5)
ship.h:58: int Ship::setType(1)
ship.h:164: static int Ship::shipCapacity(1, 0)
ship.h:164: static int Ship::shipCapacity(1, 1)
ship.h:164: static int Ship::shipCapacity(1, 2)
ship.h:164: static int Ship::shipCapacity(1, 3)
ship.h:164: static int Ship::shipCapacity(1, 4)
ship.h:164: static int Ship::shipCapacity(1, 5)
player.h:263: int Player::save()
cTrekGame.c:207: void choiceMenu(1)
drawable.h:144: void printMap(0)
drawable.h:5: void drawWindow(3, 3, 42, 21)
player.h:285: int Player::pos()
drawable.h:177: char* charColour(80, 0, 45)
drawable.h:216: const char* printShip(1)
drawable.h:177: char* charColour(79, 0, 35)
drawable.h:311: void healthBars()
drawable.h:289: void minimalHUD(2, 25)
drawable.h:447: static char* hudColours(0, 0)
drawable.h:447: static char* hudColours(100, 100)
drawable.h:447: static char* hudColours(1000, 1000)
utils.h:200: const char* securityStatus()
drawable.h:351: static char* weaponStatus()
cTrekGame.c:657: int weaponsCheck(1)
ship.h:114: int Ship::weaponCount()
drawable.h:447: static char* hudColours(0, 0)
utils.h:160: static char* prefix(500, n)
drawable.h:373: void comLog(1, 30)
drawable.h:5: void drawWindow(1, 30, 60, 5)
drawable.h:289: void minimalHUD(2, 25)
drawable.h:447: static char* hudColours(0, 0)
drawable.h:447: static char* hudColours(100, 100)
drawable.h:447: static char* hudColours(1000, 1000)
utils.h:200: const char* securityStatus()
drawable.h:351: static char* weaponStatus()
cTrekGame.c:657: int weaponsCheck(1)
ship.h:114: int Ship::weaponCount()
drawable.h:447: static char* hudColours(0, 0)
utils.h:160: static char* prefix(500, n)
cTrekGame.c:219: 

Choice: d
cTrekGame.c:376: void move(d)
drawable.h:373: void comLog(1, 30)
drawable.h:5: void drawWindow(1, 30, 60, 5)
utils.h:129: int enemyAtTile(46)
utils.h:120: int getMapTile(46)
utils.h:120: int getMapTile(46)
utils.h:142: int derelictAtTile(46)
utils.h:120: int getMapTile(46)
utils.h:120: int getMapTile(46)
player.h:291: int Player::setPos(46)
system.h:133: int System::save()
player.h:252: int Player::saveEnemy()
planet.h:97: int Planet::save(1074238384)
menu.h:80: int Menu::save(1074238384)
menu.h:80: int Menu::save(1074238384)
menu.h:80: int Menu::save(1074238384)
menu.h:80: int Menu::save(1074238384)
menu.h:80: int Menu::save(1074238384)
menu.h:80: int Menu::save(1074238384)
menu.h:80: int Menu::save(1074238384)
menu.h:80: int Menu::save(1074238384)
menu.h:80: int Menu::save(1074238384)
player.h:263: int Player::save()
drawable.h:144: void printMap(0)
drawable.h:5: void drawWindow(3, 3, 42, 21)
player.h:285: int Player::pos()
drawable.h:177: char* charColour(80, 0, 46)
drawable.h:216: const char* printShip(1)
drawable.h:177: char* charColour(79, 0, 35)
drawable.h:311: void healthBars()
drawable.h:289: void minimalHUD(2, 25)
drawable.h:447: static char* hudColours(0, 0)
drawable.h:447: static char* hudColours(100, 100)
drawable.h:447: static char* hudColours(1000, 1000)
utils.h:200: const char* securityStatus()
drawable.h:351: static char* weaponStatus()
cTrekGame.c:657: int weaponsCheck(1)
ship.h:114: int Ship::weaponCount()
drawable.h:447: static char* hudColours(0, 0)
utils.h:160: static char* prefix(500, n)
drawable.h:289: void minimalHUD(2, 25)
drawable.h:447: static char* hudColours(0, 0)
drawable.h:447: static char* hudColours(100, 100)
drawable.h:447: static char* hudColours(1000, 1000)
utils.h:200: const char* securityStatus()
drawable.h:351: static char* weaponStatus()
cTrekGame.c:657: int weaponsCheck(1)
ship.h:114: int Ship::weaponCount()
drawable.h:447: static char* hudColours(0, 0)
utils.h:160: static char* prefix(500, n)
drawable.h:289: void minimalHUD(2, 25)
drawable.h:447: static char* hudColours(0, 0)
drawable.h:447: static char* hudColours(100, 100)
drawable.h:447: static char* hudColours(1000, 1000)
utils.h:200: const char* securityStatus()
drawable.h:351: static char* weaponStatus()
cTrekGame.c:657: int weaponsCheck(1)
ship.h:114: int Ship::weaponCount()
drawable.h:447: static char* hudColours(0, 0)
utils.h:160: static char* prefix(500, n)
cTrekGame.c:219: 

Choice: s
cTrekGame.c:376: void move(s)
drawable.h:373: void comLog(1, 30)
drawable.h:5: void drawWindow(1, 30, 60, 5)
utils.h:129: int enemyAtTile(56)
utils.h:120: int getMapTile(56)
utils.h:120: int getMapTile(56)
utils.h:142: int derelictAtTile(56)
utils.h:120: int getMapTile(56)
utils.h:120: int getMapTile(56)
player.h:291: int Player::setPos(56)
system.h:133: int System::save()
player.h:252: int Player::saveEnemy()
planet.h:97: int Planet::save(1074238384)
menu.h:80: int Menu::save(1074238384)
menu.h:80: int Menu::save(1074238384)
menu.h:80: int Menu::save(1074238384)
menu.h:80: int Menu::save(1074238384)
menu.h:80: int Menu::save(1074238384)
menu.h:80: int Menu::save(1074238384)
menu.h:80: int Menu::save(1074238384)
menu.h:80: int Menu::save(1074238384)
menu.h:80: int Menu::save(1074238384)
player.h:263: int Player::save()
drawable.h:144: void printMap(0)
drawable.h:5: void drawWindow(3, 3, 42, 21)
player.h:285: int Player::pos()
drawable.h:177: char* charColour(80, 0, 56)
drawable.h:216: const char* printShip(1)
drawable.h:177: char* charColour(79, 0, 35)
drawable.h:311: void healthBars()
drawable.h:289: void minimalHUD(2, 25)
drawable.h:447: static char* hudColours(0, 0)
drawable.h:447: static char* hudColours(100, 100)
drawable.h:447: static char* hudColours(1000, 1000)
utils.h:200: const char* securityStatus()
drawable.h:351: static char* weaponStatus()
cTrekGame.c:657: int weaponsCheck(1)
ship.h:114: int Ship::weaponCount()
drawable.h:447: static char* hudColours(0, 0)
utils.h:160: static char* prefix(500, n)
drawable.h:289: void minimalHUD(2, 25)
drawable.h:447: static char* hudColours(0, 0)
drawable.h:447: static char* hudColours(100, 100)
drawable.h:447: static char* hudColours(1000, 1000)
utils.h:200: const char* securityStatus()
drawable.h:351: static char* weaponStatus()
cTrekGame.c:657: int weaponsCheck(1)
ship.h:114: int Ship::weaponCount()
drawable.h:447: static char* hudColours(0, 0)
utils.h:160: static char* prefix(500, n)
drawable.h:289: void minimalHUD(2, 25)
drawable.h:447: static char* hudColours(0, 0)
drawable.h:447: static char* hudColours(100, 100)
drawable.h:447: static char* hudColours(1000, 1000)
utils.h:200: const char* securityStatus()
drawable.h:351: static char* weaponStatus()
cTrekGame.c:657: int weaponsCheck(1)
ship.h:114: int Ship::weaponCount()
drawable.h:447: static char* hudColours(0, 0)
utils.h:160: static char* prefix(500, n)
cTrekGame.c:219: 

Choice: s
cTrekGame.c:376: void move(s)
drawable.h:373: void comLog(1, 30)
drawable.h:5: void drawWindow(1, 30, 60, 5)
utils.h:129: int enemyAtTile(66)
utils.h:120: int getMapTile(66)
utils.h:120: int getMapTile(66)
utils.h:142: int derelictAtTile(66)
utils.h:120: int getMapTile(66)
utils.h:120: int getMapTile(66)
player.h:291: int Player::setPos(66)
system.h:133: int System::save()
player.h:252: int Player::saveEnemy()
planet.h:97: int Planet::save(1074238384)
menu.h:80: int Menu::save(1074238384)
menu.h:80: int Menu::save(1074238384)
menu.h:80: int Menu::save(1074238384)
menu.h:80: int Menu::save(1074238384)
menu.h:80: int Menu::save(1074238384)
menu.h:80: int Menu::save(1074238384)
menu.h:80: int Menu::save(1074238384)
menu.h:80: int Menu::save(1074238384)
menu.h:80: int Menu::save(1074238384)
player.h:263: int Player::save()
drawable.h:144: void printMap(0)
drawable.h:5: void drawWindow(3, 3, 42, 21)
player.h:285: int Player::pos()
drawable.h:177: char* charColour(80, 0, 66)
drawable.h:216: const char* printShip(1)
drawable.h:177: char* charColour(79, 0, 35)
drawable.h:311: void healthBars()
drawable.h:289: void minimalHUD(2, 25)
drawable.h:447: static char* hudColours(0, 0)
drawable.h:447: static char* hudColours(100, 100)
drawable.h:447: static char* hudColours(1000, 1000)
utils.h:200: const char* securityStatus()
drawable.h:351: static char* weaponStatus()
cTrekGame.c:657: int weaponsCheck(1)
ship.h:114: int Ship::weaponCount()
drawable.h:447: static char* hudColours(0, 0)
utils.h:160: static char* prefix(500, n)
drawable.h:289: void minimalHUD(2, 25)
drawable.h:447: static char* hudColours(0, 0)
drawable.h:447: static char* hudColours(100, 100)
drawable.h:447: static char* hudColours(1000, 1000)
utils.h:200: const char* securityStatus()
drawable.h:351: static char* weaponStatus()
cTrekGame.c:657: int weaponsCheck(1)
ship.h:114: int Ship::weaponCount()
drawable.h:447: static char* hudColours(0, 0)
utils.h:160: static char* prefix(500, n)
drawable.h:289: void minimalHUD(2, 25)
drawable.h:447: static char* hudColours(0, 0)
drawable.h:447: static char* hudColours(100, 100)
drawable.h:447: static char* hudColours(1000, 1000)
utils.h:200: const char* securityStatus()
drawable.h:351: static char* weaponStatus()
cTrekGame.c:657: int weaponsCheck(1)
ship.h:114: int Ship::weaponCount()
drawable.h:447: static char* hudColours(0, 0)
utils.h:160: static char* prefix(500, n)
cTrekGame.c:219: 

Choice: s
cTrekGame.c:376: void move(s)
drawable.h:373: void comLog(1, 30)
drawable.h:5: void drawWindow(1, 30, 60, 5)
utils.h:129: int enemyAtTile(76)
utils.h:120: int getMapTile(76)
utils.h:120: int getMapTile(76)
utils.h:142: int derelictAtTile(76)
utils.h:120: int getMapTile(76)
utils.h:120: int getMapTile(76)
player.h:291: int Player::setPos(76)
system.h:133: int System::save()
player.h:252: int Player::saveEnemy()
planet.h:97: int Planet::save(1074238384)
menu.h:80: int Menu::save(1074238384)
menu.h:80: int Menu::save(1074238384)
menu.h:80: int Menu::save(1074238384)
menu.h:80: int Menu::save(1074238384)
menu.h:80: int Menu::save(1074238384)
menu.h:80: int Menu::save(1074238384)
menu.h:80: int Menu::save(1074238384)
menu.h:80: int Menu::save(1074238384)
menu.h:80: int Menu::save(1074238384)
player.h:263: int Player::save()
drawable.h:144: void printMap(0)
drawable.h:5: void drawWindow(3, 3, 42, 21)
player.h:285: int Player::pos()
drawable.h:177: char* charColour(80, 0, 76)
drawable.h:216: const char* printShip(1)
drawable.h:177: char* charColour(79, 0, 35)
drawable.h:311: void healthBars()
drawable.h:289: void minimalHUD(2, 25)
drawable.h:447: static char* hudColours(0, 0)
drawable.h:447: static char* hudColours(100, 100)
drawable.h:447: static char* hudColours(1000, 1000)
utils.h:200: const char* securityStatus()
drawable.h:351: static char* weaponStatus()
cTrekGame.c:657: int weaponsCheck(1)
ship.h:114: int Ship::weaponCount()
drawable.h:447: static char* hudColours(0, 0)
utils.h:160: static char* prefix(500, n)
drawable.h:289: void minimalHUD(2, 25)
drawable.h:447: static char* hudColours(0, 0)
drawable.h:447: static char* hudColours(100, 100)
drawable.h:447: static char* hudColours(1000, 1000)
utils.h:200: const char* securityStatus()
drawable.h:351: static char* weaponStatus()
cTrekGame.c:657: int weaponsCheck(1)
ship.h:114: int Ship::weaponCount()
drawable.h:447: static char* hudColours(0, 0)
utils.h:160: static char* prefix(500, n)
drawable.h:289: void minimalHUD(2, 25)
drawable.h:447: static char* hudColours(0, 0)
drawable.h:447: static char* hudColours(100, 100)
drawable.h:447: static char* hudColours(1000, 1000)
utils.h:200: const char* securityStatus()
drawable.h:351: static char* weaponStatus()
cTrekGame.c:657: int weaponsCheck(1)
ship.h:114: int Ship::weaponCount()
drawable.h:447: static char* hudColours(0, 0)
utils.h:160: static char* prefix(500, n)
cTrekGame.c:219: 

Choice: s
cTrekGame.c:376: void move(s)
drawable.h:373: void comLog(1, 30)
drawable.h:5: void drawWindow(1, 30, 60, 5)
utils.h:129: int enemyAtTile(86)
utils.h:120: int getMapTile(86)
utils.h:120: int getMapTile(86)
utils.h:142: int derelictAtTile(86)
utils.h:120: int getMapTile(86)
utils.h:120: int getMapTile(86)
player.h:291: int Player::setPos(86)
system.h:133: int System::save()
player.h:252: int Player::saveEnemy()
planet.h:97: int Planet::save(1074238384)
menu.h:80: int Menu::save(1074238384)
menu.h:80: int Menu::save(1074238384)
menu.h:80: int Menu::save(1074238384)
menu.h:80: int Menu::save(1074238384)
menu.h:80: int Menu::save(1074238384)
menu.h:80: int Menu::save(1074238384)
menu.h:80: int Menu::save(1074238384)
menu.h:80: int Menu::save(1074238384)
menu.h:80: int Menu::save(1074238384)
player.h:263: int Player::save()
drawable.h:144: void printMap(0)
drawable.h:5: void drawWindow(3, 3, 42, 21)
player.h:285: int Player::pos()
drawable.h:177: char* charColour(80, 0, 86)
drawable.h:216: const char* printShip(1)
drawable.h:177: char* charColour(79, 0, 35)
drawable.h:311: void healthBars()
drawable.h:289: void minimalHUD(2, 25)
drawable.h:447: static char* hudColours(0, 0)
drawable.h:447: static char* hudColours(100, 100)
drawable.h:447: static char* hudColours(1000, 1000)
utils.h:200: const char* securityStatus()
drawable.h:351: static char* weaponStatus()
cTrekGame.c:657: int weaponsCheck(1)
ship.h:114: int Ship::weaponCount()
drawable.h:447: static char* hudColours(0, 0)
utils.h:160: static char* prefix(500, n)
drawable.h:289: void minimalHUD(2, 25)
drawable.h:447: static char* hudColours(0, 0)
drawable.h:447: static char* hudColours(100, 100)
drawable.h:447: static char* hudColours(1000, 1000)
utils.h:200: const char* securityStatus()
drawable.h:351: static char* weaponStatus()
cTrekGame.c:657: int weaponsCheck(1)
ship.h:114: int Ship::weaponCount()
drawable.h:447: static char* hudColours(0, 0)
utils.h:160: static char* prefix(500, n)
drawable.h:289: void minimalHUD(2, 25)
drawable.h:447: static char* hudColours(0, 0)
drawable.h:447: static char* hudColours(100, 100)
drawable.h:447: static char* hudColours(1000, 1000)
utils.h:200: const char* securityStatus()
drawable.h:351: static char* weaponStatus()
cTrekGame.c:657: int weaponsCheck(1)
ship.h:114: int Ship::weaponCount()
drawable.h:447: static char* hudColours(0, 0)
utils.h:160: static char* prefix(500, n)
cTrekGame.c:219: 

Choice: s
cTrekGame.c:376: void move(s)
drawable.h:373: void comLog(1, 30)
drawable.h:5: void drawWindow(1, 30, 60, 5)
utils.h:129: int enemyAtTile(96)
utils.h:120: int getMapTile(96)
utils.h:120: int getMapTile(96)
utils.h:142: int derelictAtTile(96)
utils.h:120: int getMapTile(96)
utils.h:120: int getMapTile(96)
player.h:291: int Player::setPos(96)
system.h:133: int System::save()
player.h:252: int Player::saveEnemy()
planet.h:97: int Planet::save(1074238384)
menu.h:80: int Menu::save(1074238384)
menu.h:80: int Menu::save(1074238384)
menu.h:80: int Menu::save(1074238384)
menu.h:80: int Menu::save(1074238384)
menu.h:80: int Menu::save(1074238384)
menu.h:80: int Menu::save(1074238384)
menu.h:80: int Menu::save(1074238384)
menu.h:80: int Menu::save(1074238384)
menu.h:80: int Menu::save(1074238384)
player.h:263: int Player::save()
drawable.h:144: void printMap(0)
drawable.h:5: void drawWindow(3, 3, 42, 21)
player.h:285: int Player::pos()
drawable.h:177: char* charColour(80, 0, 96)
drawable.h:216: const char* printShip(1)
drawable.h:177: char* charColour(79, 0, 35)
drawable.h:311: void healthBars()
drawable.h:289: void minimalHUD(2, 25)
drawable.h:447: static char* hudColours(0, 0)
drawable.h:447: static char* hudColours(100, 100)
drawable.h:447: static char* hudColours(1000, 1000)
utils.h:200: const char* securityStatus()
drawable.h:351: static char* weaponStatus()
cTrekGame.c:657: int weaponsCheck(1)
ship.h:114: int Ship::weaponCount()
drawable.h:447: static char* hudColours(0, 0)
utils.h:160: static char* prefix(500, n)
drawable.h:289: void minimalHUD(2, 25)
drawable.h:447: static char* hudColours(0, 0)
drawable.h:447: static char* hudColours(100, 100)
drawable.h:447: static char* hudColours(1000, 1000)
utils.h:200: const char* securityStatus()
drawable.h:351: static char* weaponStatus()
cTrekGame.c:657: int weaponsCheck(1)
ship.h:114: int Ship::weaponCount()
drawable.h:447: static char* hudColours(0, 0)
utils.h:160: static char* prefix(500, n)
drawable.h:289: void minimalHUD(2, 25)
drawable.h:447: static char* hudColours(0, 0)
drawable.h:447: static char* hudColours(100, 100)
drawable.h:447: static char* hudColours(1000, 1000)
utils.h:200: const char* securityStatus()
drawable.h:351: static char* weaponStatus()
cTrekGame.c:657: int weaponsCheck(1)
ship.h:114: int Ship::weaponCount()
drawable.h:447: static char* hudColours(0, 0)
utils.h:160: static char* prefix(500, n)
cTrekGame.c:219: 

Choice: s
cTrekGame.c:376: void move(s)
drawable.h:373: void comLog(1, 30)
drawable.h:5: void drawWindow(1, 30, 60, 5)
utils.h:129: int enemyAtTile(106)
player.h:291: int Player::setPos(6)
player.h:302: int Player::setGalaxyPos(0, -1)
system.h:133: int System::save()
player.h:252: int Player::saveEnemy()
planet.h:97: int Planet::save(1074238384)
menu.h:80: int Menu::save(1074238384)
menu.h:80: int Menu::save(1074238384)
menu.h:80: int Menu::save(1074238384)
menu.h:80: int Menu::save(1074238384)
menu.h:80: int Menu::save(1074238384)
menu.h:80: int Menu::save(1074238384)
menu.h:80: int Menu::save(1074238384)
menu.h:80: int Menu::save(1074238384)
menu.h:80: int Menu::save(1074238384)
system.h:192: static void System::unload(285344)
planet.h:112: static void Planet::unload(286408)
menu.h:93: static void Menu::unload(287688)
menu.h:93: static void Menu::unload(287720)
menu.h:93: static void Menu::unload(287752)
menu.h:93: static void Menu::unload(287784)
menu.h:93: static void Menu::unload(287816)
menu.h:93: static void Menu::unload(287848)
menu.h:93: static void Menu::unload(287880)
menu.h:93: static void Menu::unload(287912)
menu.h:93: static void Menu::unload(287944)
player.h:276: static void Player::unload(285784)
system.h:166: System* System::load(0, -1)
system.h:174: System::load() could not find saves/sectors/0_-1.trek
system.h:33: static System* System::System(0, -1)
player.h:194: static Player* Player::newEnemy(0)
ship.h:40: static int Ship::newShip(0)
ship.h:58: int Ship::setType(0)
ship.h:164: static int Ship::shipCapacity(0, 0)
ship.h:164: static int Ship::shipCapacity(0, 1)
ship.h:164: static int Ship::shipCapacity(0, 2)
ship.h:164: static int Ship::shipCapacity(0, 3)
ship.h:164: static int Ship::shipCapacity(0, 4)
ship.h:164: static int Ship::shipCapacity(0, 5)
system.h:63: void System::initialize()
player.h:285: int Player::pos()
system.h:133: int System::save()
player.h:252: int Player::saveEnemy()
player.h:263: int Player::save()
drawable.h:144: void printMap(0)
drawable.h:5: void drawWindow(3, 3, 42, 21)
player.h:285: int Player::pos()
drawable.h:177: char* charColour(80, 0, 6)
drawable.h:216: const char* printShip(1)
drawable.h:311: void healthBars()
drawable.h:289: void minimalHUD(2, 25)
drawable.h:447: static char* hudColours(0, 0)
drawable.h:447: static char* hudColours(100, 100)
drawable.h:447: static char* hudColours(1000, 1000)
utils.h:200: const char* securityStatus()
drawable.h:351: static char* weaponStatus()
cTrekGame.c:657: int weaponsCheck(1)
ship.h:114: int Ship::weaponCount()
drawable.h:447: static char* hudColours(0, 0)
utils.h:160: static char* prefix(500, n)
drawable.h:289: void minimalHUD(2, 25)
drawable.h:447: static char* hudColours(0, 0)
drawable.h:447: static char* hudColours(100, 100)
drawable.h:447: static char* hudColours(1000, 1000)
utils.h:200: const char* securityStatus()
drawable.h:351: static char* weaponStatus()
cTrekGame.c:657: int weaponsCheck(1)
ship.h:114: int Ship::weaponCount()
drawable.h:447: static char* hudColours(0, 0)
utils.h:160: static char* prefix(500, n)
drawable.h:289: void minimalHUD(2, 25)
drawable.h:447: static char* hudColours(0, 0)
drawable.h:447: static char* hudColours(100, 100)
drawable.h:447: static char* hudColours(1000, 1000)
utils.h:200: const char* securityStatus()
drawable.h:351: static char* weaponStatus()
cTrekGame.c:657: int weaponsCheck(1)
ship.h:114: int Ship::weaponCount()
drawable.h:447: static char* hudColours(0, 0)
utils.h:160: static char* prefix(500, n)
cTrekGame.c:219: 

Choice: d
cTrekGame.c:376: void move(d)
drawable.h:373: void comLog(1, 30)
drawable.h:5: void drawWindow(1, 30, 60, 5)
utils.h:129: int enemyAtTile(7)
utils.h:120: int getMapTile(7)
utils.h:120: int getMapTile(7)
utils.h:142: int derelictAtTile(7)
utils.h:120: int getMapTile(7)
utils.h:120: int getMapTile(7)
player.h:291: int Player::setPos(7)
system.h:133: int System::save()
player.h:252: int Player::saveEnemy()
player.h:263: int Player::save()
drawable.h:144: void printMap(0)
drawable.h:5: void drawWindow(3, 3, 42, 21)
player.h:285: int Player::pos()
drawable.h:177: char* charColour(80, 0, 7)
drawable.h:216: const char* printShip(1)
drawable.h:311: void healthBars()
drawable.h:289: void minimalHUD(2, 25)
drawable.h:447: static char* hudColours(0, 0)
drawable.h:447: static char* hudColours(100, 100)
drawable.h:447: static char* hudColours(1000, 1000)
utils.h:200: const char* securityStatus()
drawable.h:351: static char* weaponStatus()
cTrekGame.c:657: int weaponsCheck(1)
ship.h:114: int Ship::weaponCount()
drawable.h:447: static char* hudColours(0, 0)
utils.h:160: static char* prefix(500, n)
drawable.h:289: void minimalHUD(2, 25)
drawable.h:447: static char* hudColours(0, 0)
drawable.h:447: static char* hudColours(100, 100)
drawable.h:447: static char* hudColours(1000, 1000)
utils.h:200: const char* securityStatus()
drawable.h:351: static char* weaponStatus()
cTrekGame.c:657: int weaponsCheck(1)
ship.h:114: int Ship::weaponCount()
drawable.h:447: static char* hudColours(0, 0)
utils.h:160: static char* prefix(500, n)
drawable.h:289: void minimalHUD(2, 25)
drawable.h:447: static char* hudColours(0, 0)
drawable.h:447: static char* hudColours(100, 100)
drawable.h:447: static char* hudColours(1000, 1000)
utils.h:200: const char* securityStatus()
drawable.h:351: static char* weaponStatus()
cTrekGame.c:657: int weaponsCheck(1)
ship.h:114: int Ship::weaponCount()
drawable.h:447: static char* hudColours(0, 0)
utils.h:160: static char* prefix(500, n)
cTrekGame.c:219: 

Choice: d
cTrekGame.c:376: void move(d)
drawable.h:373: void comLog(1, 30)
drawable.h:5: void drawWindow(1, 30, 60, 5)
utils.h:129: int enemyAtTile(8)
utils.h:120: int getMapTile(8)
utils.h:120: int getMapTile(8)
utils.h:142: int derelictAtTile(8)
utils.h:120: int getMapTile(8)
utils.h:120: int getMapTile(8)
player.h:291: int Player::setPos(8)
system.h:133: int System::save()
player.h:252: int Player::saveEnemy()
player.h:263: int Player::save()
drawable.h:144: void printMap(0)
drawable.h:5: void drawWindow(3, 3, 42, 21)
player.h:285: int Player::pos()
drawable.h:177: char* charColour(80, 0, 8)
drawable.h:216: const char* printShip(1)
drawable.h:311: void healthBars()
drawable.h:289: void minimalHUD(2, 25)
drawable.h:447: static char* hudColours(0, 0)
drawable.h:447: static char* hudColours(100, 100)
drawable.h:447: static char* hudColours(1000, 1000)
utils.h:200: const char* securityStatus()
drawable.h:351: static char* weaponStatus()
cTrekGame.c:657: int weaponsCheck(1)
ship.h:114: int Ship::weaponCount()
drawable.h:447: static char* hudColours(0, 0)
utils.h:160: static char* prefix(500, n)
drawable.h:289: void minimalHUD(2, 25)
drawable.h:447: static char* hudColours(0, 0)
drawable.h:447: static char* hudColours(100, 100)
drawable.h:447: static char* hudColours(1000, 1000)
utils.h:200: const char* securityStatus()
drawable.h:351: static char* weaponStatus()
cTrekGame.c:657: int weaponsCheck(1)
ship.h:114: int Ship::weaponCount()
drawable.h:447: static char* hudColours(0, 0)
utils.h:160: static char* prefix(500, n)
drawable.h:289: void minimalHUD(2, 25)
drawable.h:447: static char* hudColours(0, 0)
drawable.h:447: static char* hudColours(100, 100)
drawable.h:447: static char* hudColours(1000, 1000)
utils.h:200: const char* securityStatus()
drawable.h:351: static char* weaponStatus()
cTrekGame.c:657: int weaponsCheck(1)
ship.h:114: int Ship::weaponCount()
drawable.h:447: static char* hudColours(0, 0)
utils.h:160: static char* prefix(500, n)
cTrekGame.c:219: 

Choice: d
cTrekGame.c:376: void move(d)
drawable.h:373: void comLog(1, 30)
drawable.h:5: void drawWindow(1, 30, 60, 5)
utils.h:129: int enemyAtTile(9)
utils.h:120: int getMapTile(9)
utils.h:120: int getMapTile(9)
utils.h:142: int derelictAtTile(9)
utils.h:120: int getMapTile(9)
utils.h:120: int getMapTile(9)
player.h:291: int Player::setPos(9)
system.h:133: int System::save()
player.h:252: int Player::saveEnemy()
player.h:263: int Player::save()
drawable.h:144: void printMap(0)
drawable.h:5: void drawWindow(3, 3, 42, 21)
player.h:285: int Player::pos()
drawable.h:177: char* charColour(80, 0, 9)
drawable.h:216: const char* printShip(1)
drawable.h:311: void healthBars()
drawable.h:289: void minimalHUD(2, 25)
drawable.h:447: static char* hudColours(0, 0)
drawable.h:447: static char* hudColours(100, 100)
drawable.h:447: static char* hudColours(1000, 1000)
utils.h:200: const char* securityStatus()
drawable.h:351: static char* weaponStatus()
cTrekGame.c:657: int weaponsCheck(1)
ship.h:114: int Ship::weaponCount()
drawable.h:447: static char* hudColours(0, 0)
utils.h:160: static char* prefix(500, n)
drawable.h:289: void minimalHUD(2, 25)
drawable.h:447: static char* hudColours(0, 0)
drawable.h:447: static char* hudColours(100, 100)
drawable.h:447: static char* hudColours(1000, 1000)
utils.h:200: const char* securityStatus()
drawable.h:351: static char* weaponStatus()
cTrekGame.c:657: int weaponsCheck(1)
ship.h:114: int Ship::weaponCount()
drawable.h:447: static char* hudColours(0, 0)
utils.h:160: static char* prefix(500, n)
drawable.h:289: void minimalHUD(2, 25)
drawable.h:447: static char* hudColours(0, 0)
drawable.h:447: static char* hudColours(100, 100)
drawable.h:447: static char* hudColours(1000, 1000)
utils.h:200: const char* securityStatus()
drawable.h:351: static char* weaponStatus()
cTrekGame.c:657: int weaponsCheck(1)
ship.h:114: int Ship::weaponCount()
drawable.h:447: static char* hudColours(0, 0)
utils.h:160: static char* prefix(500, n)
cTrekGame.c:219: 

Choice: d
cTrekGame.c:376: void move(d)
drawable.h:373: void comLog(1, 30)
drawable.h:5: void drawWindow(1, 30, 60, 5)
utils.h:129: int enemyAtTile(10)
utils.h:120: int getMapTile(10)
player.h:291: int Player::setPos(0)
player.h:302: int Player::setGalaxyPos(1, -1)
system.h:133: int System::save()
player.h:252: int Player::saveEnemy()
system.h:192: static void System::unload(285344)
player.h:276: static void Player::unload(285784)
system.h:166: System* System::load(1, -1)
system.h:174: System::load() could not find saves/sectors/1_-1.trek
system.h:33: static System* System::System(1, -1)
player.h:194: static Player* Player::newEnemy(0)
ship.h:40: static int Ship::newShip(0)
ship.h:58: int Ship::setType(0)
ship.h:164: static int Ship::shipCapacity(0, 0)
ship.h:164: static int Ship::shipCapacity(0, 1)
ship.h:164: static int Ship::shipCapacity(0, 2)
ship.h:164: static int Ship::shipCapacity(0, 3)
ship.h:164: static int Ship::shipCapacity(0, 4)
ship.h:164: static int Ship::shipCapacity(0, 5)
system.h:63: void System::initialize()
player.h:285: int Player::pos()
system.h:133: int System::save()
player.h:252: int Player::saveEnemy()
player.h:263: int Player::save()
drawable.h:144: void printMap(0)
drawable.h:5: void drawWindow(3, 3, 42, 21)
player.h:285: int Player::pos()
drawable.h:177: char* charColour(80, 0, 0)
drawable.h:216: const char* printShip(1)
drawable.h:311: void healthBars()
drawable.h:289: void minimalHUD(2, 25)
drawable.h:447: static char* hudColours(0, 0)
drawable.h:447: static char* hudColours(100, 100)
drawable.h:447: static char* hudColours(1000, 1000)
utils.h:200: const char* securityStatus()
drawable.h:351: static char* weaponStatus()
cTrekGame.c:657: int weaponsCheck(1)
ship.h:114: int Ship::weaponCount()
drawable.h:447: static char* hudColours(0, 0)
utils.h:160: static char* prefix(500, n)
drawable.h:289: void minimalHUD(2, 25)
drawable.h:447: static char* hudColours(0, 0)
drawable.h:447: static char* hudColours(100, 100)
drawable.h:447: static char* hudColours(1000, 1000)
utils.h:200: const char* securityStatus()
drawable.h:351: static char* weaponStatus()
cTrekGame.c:657: int weaponsCheck(1)
ship.h:114: int Ship::weaponCount()
drawable.h:447: static char* hudColours(0, 0)
utils.h:160: static char* prefix(500, n)
drawable.h:289: void minimalHUD(2, 25)
drawable.h:447: static char* hudColours(0, 0)
drawable.h:447: static char* hudColours(100, 100)
drawable.h:447: static char* hudColours(1000, 1000)
utils.h:200: const char* securityStatus()
drawable.h:351: static char* weaponStatus()
cTrekGame.c:657: int weaponsCheck(1)
ship.h:114: int Ship::weaponCount()
drawable.h:447: static char* hudColours(0, 0)
utils.h:160: static char* prefix(500, n)
cTrekGame.c:219: 

Choice: s
cTrekGame.c:376: void move(s)
drawable.h:373: void comLog(1, 30)
drawable.h:5: void drawWindow(1, 30, 60, 5)
utils.h:129: int enemyAtTile(10)
utils.h:120: int getMapTile(10)
utils.h:120: int getMapTile(10)
utils.h:142: int derelictAtTile(10)
utils.h:120: int getMapTile(10)
utils.h:120: int getMapTile(10)
player.h:291: int Player::setPos(10)
system.h:133: int System::save()
player.h:252: int Player::saveEnemy()
player.h:263: int Player::save()
drawable.h:144: void printMap(0)
drawable.h:5: void drawWindow(3, 3, 42, 21)
player.h:285: int Player::pos()
drawable.h:177: char* charColour(80, 0, 10)
drawable.h:216: const char* printShip(1)
drawable.h:311: void healthBars()
drawable.h:289: void minimalHUD(2, 25)
drawable.h:447: static char* hudColours(0, 0)
drawable.h:447: static char* hudColours(100, 100)
drawable.h:447: static char* hudColours(1000, 1000)
utils.h:200: const char* securityStatus()
drawable.h:351: static char* weaponStatus()
cTrekGame.c:657: int weaponsCheck(1)
ship.h:114: int Ship::weaponCount()
drawable.h:447: static char* hudColours(0, 0)
utils.h:160: static char* prefix(500, n)
drawable.h:289: void minimalHUD(2, 25)
drawable.h:447: static char* hudColours(0, 0)
drawable.h:447: static char* hudColours(100, 100)
drawable.h:447: static char* hudColours(1000, 1000)
utils.h:200: const char* securityStatus()
drawable.h:351: static char* weaponStatus()
cTrekGame.c:657: int weaponsCheck(1)
ship.h:114: int Ship::weaponCount()
drawable.h:447: static char* hudColours(0, 0)
utils.h:160: static char* prefix(500, n)
drawable.h:289: void minimalHUD(2, 25)
drawable.h:447: static char* hudColours(0, 0)
drawable.h:447: static char* hudColours(100, 100)
drawable.h:447: static char* hudColours(1000, 1000)
utils.h:200: const char* securityStatus()
drawable.h:351: static char* weaponStatus()
cTrekGame.c:657: int weaponsCheck(1)
ship.h:114: int Ship::weaponCount()
drawable.h:447: static char* hudColours(0, 0)
utils.h:160: static char* prefix(500, n)
cTrekGame.c:219: 

Choice: s
cTrekGame.c:376: void move(s)
drawable.h:373: void comLog(1, 30)
drawable.h:5: void drawWindow(1, 30, 60, 5)
utils.h:129: int enemyAtTile(20)
utils.h:120: int getMapTile(20)
utils.h:120: int getMapTile(20)
utils.h:142: int derelictAtTile(20)
utils.h:120: int getMapTile(20)
utils.h:120: int getMapTile(20)
player.h:291: int Player::setPos(20)
system.h:133: int System::save()
player.h:252: int Player::saveEnemy()
player.h:263: int Player::save()
drawable.h:144: void printMap(0)
drawable.h:5: void drawWindow(3, 3, 42, 21)
player.h:285: int Player::pos()
drawable.h:177: char* charColour(80, 0, 20)
drawable.h:216: const char* printShip(1)
drawable.h:311: void healthBars()
drawable.h:289: void minimalHUD(2, 25)
drawable.h:447: static char* hudColours(0, 0)
drawable.h:447: static char* hudColours(100, 100)
drawable.h:447: static char* hudColours(1000, 1000)
utils.h:200: const char* securityStatus()
drawable.h:351: static char* weaponStatus()
cTrekGame.c:657: int weaponsCheck(1)
ship.h:114: int Ship::weaponCount()
drawable.h:447: static char* hudColours(0, 0)
utils.h:160: static char* prefix(500, n)
drawable.h:289: void minimalHUD(2, 25)
drawable.h:447: static char* hudColours(0, 0)
drawable.h:447: static char* hudColours(100, 100)
drawable.h:447: static char* hudColours(1000, 1000)
utils.h:200: const char* securityStatus()
drawable.h:351: static char* weaponStatus()
cTrekGame.c:657: int weaponsCheck(1)
ship.h:114: int Ship::weaponCount()
drawable.h:447: static char* hudColours(0, 0)
utils.h:160: static char* prefix(500, n)
drawable.h:289: void minimalHUD(2, 25)
drawable.h:447: static char* hudColours(0, 0)
drawable.h:447: static char* hudColours(100, 100)
drawable.h:447: static char* hudColours(1000, 1000)
utils.h:200: const char* securityStatus()
drawable.h:351: static char* weaponStatus()
cTrekGame.c:657: int weaponsCheck(1)
ship.h:114: int Ship::weaponCount()
drawable.h:447: static char* hudColours(0, 0)
utils.h:160: static char* prefix(500, n)
cTrekGame.c:219: 

Choice: s
cTrekGame.c:376: void move(s)
drawable.h:373: void comLog(1, 30)
drawable.h:5: void drawWindow(1, 30, 60, 5)
utils.h:129: int enemyAtTile(30)
utils.h:120: int getMapTile(30)
utils.h:120: int getMapTile(30)
utils.h:142: int derelictAtTile(30)
utils.h:120: int getMapTile(30)
utils.h:120: int getMapTile(30)
player.h:291: int Player::setPos(30)
system.h:133: int System::save()
player.h:252: int Player::saveEnemy()
player.h:263: int Player::save()
drawable.h:144: void printMap(0)
drawable.h:5: void drawWindow(3, 3, 42, 21)
player.h:285: int Player::pos()
drawable.h:177: char* charColour(80, 0, 30)
drawable.h:216: const char* printShip(1)
drawable.h:311: void healthBars()
drawable.h:289: void minimalHUD(2, 25)
drawable.h:447: static char* hudColours(0, 0)
drawable.h:447: static char* hudColours(100, 100)
drawable.h:447: static char* hudColours(1000, 1000)
utils.h:200: const char* securityStatus()
drawable.h:351: static char* weaponStatus()
cTrekGame.c:657: int weaponsCheck(1)
ship.h:114: int Ship::weaponCount()
drawable.h:447: static char* hudColours(0, 0)
utils.h:160: static char* prefix(500, n)
drawable.h:289: void minimalHUD(2, 25)
drawable.h:447: static char* hudColours(0, 0)
drawable.h:447: static char* hudColours(100, 100)
drawable.h:447: static char* hudColours(1000, 1000)
utils.h:200: const char* securityStatus()
drawable.h:351: static char* weaponStatus()
cTrekGame.c:657: int weaponsCheck(1)
ship.h:114: int Ship::weaponCount()
drawable.h:447: static char* hudColours(0, 0)
utils.h:160: static char* prefix(500, n)
drawable.h:289: void minimalHUD(2, 25)
drawable.h:447: static char* hudColours(0, 0)
drawable.h:447: static char* hudColours(100, 100)
drawable.h:447: static char* hudColours(1000, 1000)
utils.h:200: const char* securityStatus()
drawable.h:351: static char* weaponStatus()
cTrekGame.c:657: int weaponsCheck(1)
ship.h:114: int Ship::weaponCount()
drawable.h:447: static char* hudColours(0, 0)
utils.h:160: static char* prefix(500, n)
cTrekGame.c:219: 

Choice: s
cTrekGame.c:376: void move(s)
drawable.h:373: void comLog(1, 30)
drawable.h:5: void drawWindow(1, 30, 60, 5)
utils.h:129: int enemyAtTile(40)
utils.h:120: int getMapTile(40)
utils.h:120: int getMapTile(40)
utils.h:142: int derelictAtTile(40)
utils.h:120: int getMapTile(40)
utils.h:120: int getMapTile(40)
player.h:291: int Player::setPos(40)
system.h:133: int System::save()
player.h:252: int Player::saveEnemy()
player.h:263: int Player::save()
drawable.h:144: void printMap(0)
drawable.h:5: void drawWindow(3, 3, 42, 21)
player.h:285: int Player::pos()
drawable.h:177: char* charColour(80, 0, 40)
drawable.h:216: const char* printShip(1)
drawable.h:311: void healthBars()
drawable.h:289: void minimalHUD(2, 25)
drawable.h:447: static char* hudColours(0, 0)
drawable.h:447: static char* hudColours(100, 100)
drawable.h:447: static char* hudColours(1000, 1000)
utils.h:200: const char* securityStatus()
drawable.h:351: static char* weaponStatus()
cTrekGame.c:657: int weaponsCheck(1)
ship.h:114: int Ship::weaponCount()
drawable.h:447: static char* hudColours(0, 0)
utils.h:160: static char* prefix(500, n)
drawable.h:289: void minimalHUD(2, 25)
drawable.h:447: static char* hudColours(0, 0)
drawable.h:447: static char* hudColours(100, 100)
drawable.h:447: static char* hudColours(1000, 1000)
utils.h:200: const char* securityStatus()
drawable.h:351: static char* weaponStatus()
cTrekGame.c:657: int weaponsCheck(1)
ship.h:114: int Ship::weaponCount()
drawable.h:447: static char* hudColours(0, 0)
utils.h:160: static char* prefix(500, n)
drawable.h:289: void minimalHUD(2, 25)
drawable.h:447: static char* hudColours(0, 0)
drawable.h:447: static char* hudColours(100, 100)
drawable.h:447: static char* hudColours(1000, 1000)
utils.h:200: const char* securityStatus()
drawable.h:351: static char* weaponStatus()
cTrekGame.c:657: int weaponsCheck(1)
ship.h:114: int Ship::weaponCount()
drawable.h:447: static char* hudColours(0, 0)
utils.h:160: static char* prefix(500, n)
cTrekGame.c:219: 

Choice: s
cTrekGame.c:376: void move(s)
drawable.h:373: void comLog(1, 30)
drawable.h:5: void drawWindow(1, 30, 60, 5)
utils.h:129: int enemyAtTile(50)
utils.h:120: int getMapTile(50)
utils.h:120: int getMapTile(50)
utils.h:142: int derelictAtTile(50)
utils.h:120: int getMapTile(50)
utils.h:120: int getMapTile(50)
player.h:291: int Player::setPos(50)
system.h:133: int System::save()
player.h:252: int Player::saveEnemy()
player.h:263: int Player::save()
drawable.h:144: void printMap(0)
drawable.h:5: void drawWindow(3, 3, 42, 21)
player.h:285: int Player::pos()
drawable.h:177: char* charColour(80, 0, 50)
drawable.h:216: const char* printShip(1)
drawable.h:311: void healthBars()
drawable.h:289: void minimalHUD(2, 25)
drawable.h:447: static char* hudColours(0, 0)
drawable.h:447: static char* hudColours(100, 100)
drawable.h:447: static char* hudColours(1000, 1000)
utils.h:200: const char* securityStatus()
drawable.h:351: static char* weaponStatus()
cTrekGame.c:657: int weaponsCheck(1)
ship.h:114: int Ship::weaponCount()
drawable.h:447: static char* hudColours(0, 0)
utils.h:160: static char* prefix(500, n)
drawable.h:289: void minimalHUD(2, 25)
drawable.h:447: static char* hudColours(0, 0)
drawable.h:447: static char* hudColours(100, 100)
drawable.h:447: static char* hudColours(1000, 1000)
utils.h:200: const char* securityStatus()
drawable.h:351: static char* weaponStatus()
cTrekGame.c:657: int weaponsCheck(1)
ship.h:114: int Ship::weaponCount()
drawable.h:447: static char* hudColours(0, 0)
utils.h:160: static char* prefix(500, n)
drawable.h:289: void minimalHUD(2, 25)
drawable.h:447: static char* hudColours(0, 0)
drawable.h:447: static char* hudColours(100, 100)
drawable.h:447: static char* hudColours(1000, 1000)
utils.h:200: const char* securityStatus()
drawable.h:351: static char* weaponStatus()
cTrekGame.c:657: int weaponsCheck(1)
ship.h:114: int Ship::weaponCount()
drawable.h:447: static char* hudColours(0, 0)
utils.h:160: static char* prefix(500, n)
cTrekGame.c:219: 

Choice: s
cTrekGame.c:376: void move(s)
drawable.h:373: void comLog(1, 30)
drawable.h:5: void drawWindow(1, 30, 60, 5)
utils.h:129: int enemyAtTile(60)
utils.h:120: int getMapTile(60)
utils.h:120: int getMapTile(60)
utils.h:142: int derelictAtTile(60)
utils.h:120: int getMapTile(60)
utils.h:120: int getMapTile(60)
player.h:291: int Player::setPos(60)
system.h:133: int System::save()
player.h:252: int Player::saveEnemy()
player.h:263: int Player::save()
drawable.h:144: void printMap(0)
drawable.h:5: void drawWindow(3, 3, 42, 21)
player.h:285: int Player::pos()
drawable.h:177: char* charColour(80, 0, 60)
drawable.h:216: const char* printShip(1)
drawable.h:311: void healthBars()
drawable.h:289: void minimalHUD(2, 25)
drawable.h:447: static char* hudColours(0, 0)
drawable.h:447: static char* hudColours(100, 100)
drawable.h:447: static char* hudColours(1000, 1000)
utils.h:200: const char* securityStatus()
drawable.h:351: static char* weaponStatus()
cTrekGame.c:657: int weaponsCheck(1)
ship.h:114: int Ship::weaponCount()
drawable.h:447: static char* hudColours(0, 0)
utils.h:160: static char* prefix(500, n)
drawable.h:289: void minimalHUD(2, 25)
drawable.h:447: static char* hudColours(0, 0)
drawable.h:447: static char* hudColours(100, 100)
drawable.h:447: static char* hudColours(1000, 1000)
utils.h:200: const char* securityStatus()
drawable.h:351: static char* weaponStatus()
cTrekGame.c:657: int weaponsCheck(1)
ship.h:114: int Ship::weaponCount()
drawable.h:447: static char* hudColours(0, 0)
utils.h:160: static char* prefix(500, n)
drawable.h:289: void minimalHUD(2, 25)
drawable.h:447: static char* hudColours(0, 0)
drawable.h:447: static char* hudColours(100, 100)
drawable.h:447: static char* hudColours(1000, 1000)
utils.h:200: const char* securityStatus()
drawable.h:351: static char* weaponStatus()
cTrekGame.c:657: int weaponsCheck(1)
ship.h:114: int Ship::weaponCount()
drawable.h:447: static char* hudColours(0, 0)
utils.h:160: static char* prefix(500, n)
cTrekGame.c:219: 

Choice: s
cTrekGame.c:376: void move(s)
drawable.h:373: void comLog(1, 30)
drawable.h:5: void drawWindow(1, 30, 60, 5)
utils.h:129: int enemyAtTile(70)
utils.h:120: int getMapTile(70)
utils.h:120: int getMapTile(70)
utils.h:142: int derelictAtTile(70)
utils.h:120: int getMapTile(70)
utils.h:120: int getMapTile(70)
player.h:291: int Player::setPos(70)
system.h:133: int System::save()
player.h:252: int Player::saveEnemy()
player.h:263: int Player::save()
drawable.h:144: void printMap(0)
drawable.h:5: void drawWindow(3, 3, 42, 21)
player.h:285: int Player::pos()
drawable.h:177: char* charColour(80, 0, 70)
drawable.h:216: const char* printShip(1)
drawable.h:311: void healthBars()
drawable.h:289: void minimalHUD(2, 25)
drawable.h:447: static char* hudColours(0, 0)
drawable.h:447: static char* hudColours(100, 100)
drawable.h:447: static char* hudColours(1000, 1000)
utils.h:200: const char* securityStatus()
drawable.h:351: static char* weaponStatus()
cTrekGame.c:657: int weaponsCheck(1)
ship.h:114: int Ship::weaponCount()
drawable.h:447: static char* hudColours(0, 0)
utils.h:160: static char* prefix(500, n)
drawable.h:289: void minimalHUD(2, 25)
drawable.h:447: static char* hudColours(0, 0)
drawable.h:447: static char* hudColours(100, 100)
drawable.h:447: static char* hudColours(1000, 1000)
utils.h:200: const char* securityStatus()
drawable.h:351: static char* weaponStatus()
cTrekGame.c:657: int weaponsCheck(1)
ship.h:114: int Ship::weaponCount()
drawable.h:447: static char* hudColours(0, 0)
utils.h:160: static char* prefix(500, n)
drawable.h:289: void minimalHUD(2, 25)
drawable.h:447: static char* hudColours(0, 0)
drawable.h:447: static char* hudColours(100, 100)
drawable.h:447: static char* hudColours(1000, 1000)
utils.h:200: const char* securityStatus()
drawable.h:351: static char* weaponStatus()
cTrekGame.c:657: int weaponsCheck(1)
ship.h:114: int Ship::weaponCount()
drawable.h:447: static char* hudColours(0, 0)
utils.h:160: static char* prefix(500, n)
cTrekGame.c:219: 

Choice: s
cTrekGame.c:376: void move(s)
drawable.h:373: void comLog(1, 30)
drawable.h:5: void drawWindow(1, 30, 60, 5)
utils.h:129: int enemyAtTile(80)
utils.h:120: int getMapTile(80)
utils.h:120: int getMapTile(80)
utils.h:142: int derelictAtTile(80)
utils.h:120: int getMapTile(80)
utils.h:120: int getMapTile(80)
player.h:291: int Player::setPos(80)
system.h:133: int System::save()
player.h:252: int Player::saveEnemy()
player.h:263: int Player::save()
drawable.h:144: void printMap(0)
drawable.h:5: void drawWindow(3, 3, 42, 21)
player.h:285: int Player::pos()
drawable.h:177: char* charColour(80, 0, 80)
drawable.h:216: const char* printShip(1)
drawable.h:311: void healthBars()
drawable.h:289: void minimalHUD(2, 25)
drawable.h:447: static char* hudColours(0, 0)
drawable.h:447: static char* hudColours(100, 100)
drawable.h:447: static char* hudColours(1000, 1000)
utils.h:200: const char* securityStatus()
drawable.h:351: static char* weaponStatus()
cTrekGame.c:657: int weaponsCheck(1)
ship.h:114: int Ship::weaponCount()
drawable.h:447: static char* hudColours(0, 0)
utils.h:160: static char* prefix(500, n)
drawable.h:289: void minimalHUD(2, 25)
drawable.h:447: static char* hudColours(0, 0)
drawable.h:447: static char* hudColours(100, 100)
drawable.h:447: static char* hudColours(1000, 1000)
utils.h:200: const char* securityStatus()
drawable.h:351: static char* weaponStatus()
cTrekGame.c:657: int weaponsCheck(1)
ship.h:114: int Ship::weaponCount()
drawable.h:447: static char* hudColours(0, 0)
utils.h:160: static char* prefix(500, n)
drawable.h:289: void minimalHUD(2, 25)
drawable.h:447: static char* hudColours(0, 0)
drawable.h:447: static char* hudColours(100, 100)
drawable.h:447: static char* hudColours(1000, 1000)
utils.h:200: const char* securityStatus()
drawable.h:351: static char* weaponStatus()
cTrekGame.c:657: int weaponsCheck(1)
ship.h:114: int Ship::weaponCount()
drawable.h:447: static char* hudColours(0, 0)
utils.h:160: static char* prefix(500, n)
cTrekGame.c:219: 

Choice: s
cTrekGame.c:376: void move(s)
drawable.h:373: void comLog(1, 30)
drawable.h:5: void drawWindow(1, 30, 60, 5)
utils.h:129: int enemyAtTile(90)
utils.h:120: int getMapTile(90)
utils.h:120: int getMapTile(90)
utils.h:142: int derelictAtTile(90)
utils.h:120: int getMapTile(90)
utils.h:120: int getMapTile(90)
player.h:291: int Player::setPos(90)
system.h:133: int System::save()
player.h:252: int Player::saveEnemy()
player.h:263: int Player::save()
drawable.h:144: void printMap(0)
drawable.h:5: void drawWindow(3, 3, 42, 21)
player.h:285: int Player::pos()
drawable.h:177: char* charColour(80, 0, 90)
drawable.h:216: const char* printShip(1)
drawable.h:311: void healthBars()
drawable.h:289: void minimalHUD(2, 25)
drawable.h:447: static char* hudColours(0, 0)
drawable.h:447: static char* hudColours(100, 100)
drawable.h:447: static char* hudColours(1000, 1000)
utils.h:200: const char* securityStatus()
drawable.h:351: static char* weaponStatus()
cTrekGame.c:657: int weaponsCheck(1)
ship.h:114: int Ship::weaponCount()
drawable.h:447: static char* hudColours(0, 0)
utils.h:160: static char* prefix(500, n)
drawable.h:289: void minimalHUD(2, 25)
drawable.h:447: static char* hudColours(0, 0)
drawable.h:447: static char* hudColours(100, 100)
drawable.h:447: static char* hudColours(1000, 1000)
utils.h:200: const char* securityStatus()
drawable.h:351: static char* weaponStatus()
cTrekGame.c:657: int weaponsCheck(1)
ship.h:114: int Ship::weaponCount()
drawable.h:447: static char* hudColours(0, 0)
utils.h:160: static char* prefix(500, n)
drawable.h:289: void minimalHUD(2, 25)
drawable.h:447: static char* hudColours(0, 0)
drawable.h:447: static char* hudColours(100, 100)
drawable.h:447: static char* hudColours(1000, 1000)
utils.h:200: const char* securityStatus()
drawable.h:351: static char* weaponStatus()
cTrekGame.c:657: int weaponsCheck(1)
ship.h:114: int Ship::weaponCount()
drawable.h:447: static char* hudColours(0, 0)
utils.h:160: static char* prefix(500, n)
cTrekGame.c:219: 

Choice: s
cTrekGame.c:376: void move(s)
drawable.h:373: void comLog(1, 30)
drawable.h:5: void drawWindow(1, 30, 60, 5)
utils.h:129: int enemyAtTile(100)
player.h:291: int Player::setPos(0)
player.h:302: int Player::setGalaxyPos(1, -2)
system.h:133: int System::save()
player.h:252: int Player::saveEnemy()
system.h:192: static void System::unload(285344)
player.h:276: static void Player::unload(285784)
system.h:166: System* System::load(1, -2)
system.h:174: System::load() could not find saves/sectors/1_-2.trek
system.h:33: static System* System::System(1, -2)
player.h:194: static Player* Player::newEnemy(0)
ship.h:40: static int Ship::newShip(0)
ship.h:58: int Ship::setType(0)
ship.h:164: static int Ship::shipCapacity(0, 0)
ship.h:164: static int Ship::shipCapacity(0, 1)
ship.h:164: static int Ship::shipCapacity(0, 2)
ship.h:164: static int Ship::shipCapacity(0, 3)
ship.h:164: static int Ship::shipCapacity(0, 4)
ship.h:164: static int Ship::shipCapacity(0, 5)
system.h:63: void System::initialize()
player.h:285: int Player::pos()
system.h:244: int spawnEnemy(0)
ship.h:58: int Ship::setType(3)
ship.h:164: static int Ship::shipCapacity(3, 0)
ship.h:164: static int Ship::shipCapacity(3, 1)
ship.h:164: static int Ship::shipCapacity(3, 2)
ship.h:164: static int Ship::shipCapacity(3, 3)
ship.h:164: static int Ship::shipCapacity(3, 4)
ship.h:164: static int Ship::shipCapacity(3, 5)
player.h:291: int Player::setPos(38)
system.h:133: int System::save()
player.h:252: int Player::saveEnemy()
player.h:263: int Player::save()
drawable.h:144: void printMap(0)
drawable.h:5: void drawWindow(3, 3, 42, 21)
player.h:285: int Player::pos()
drawable.h:177: char* charColour(80, 0, 0)
drawable.h:216: const char* printShip(1)
player.h:285: int Player::pos()
drawable.h:177: char* charColour(3, 0, 38)
drawable.h:216: const char* printShip(3)
drawable.h:311: void healthBars()
drawable.h:289: void minimalHUD(2, 25)
drawable.h:447: static char* hudColours(0, 0)
drawable.h:447: static char* hudColours(100, 100)
drawable.h:447: static char* hudColours(1000, 1000)
utils.h:200: const char* securityStatus()
cTrekGame.c:657: int weaponsCheck(1)
drawable.h:351: static char* weaponStatus()
cTrekGame.c:657: int weaponsCheck(1)
ship.h:114: int Ship::weaponCount()
ship.h:114: int Ship::weaponCount()
drawable.h:432: const char* gunRangeColour(1, 0)
drawable.h:447: static char* hudColours(0, 0)
utils.h:160: static char* prefix(500, n)
drawable.h:289: void minimalHUD(2, 25)
drawable.h:447: static char* hudColours(0, 0)
drawable.h:447: static char* hudColours(100, 100)
drawable.h:447: static char* hudColours(1000, 1000)
utils.h:200: const char* securityStatus()
cTrekGame.c:657: int weaponsCheck(1)
drawable.h:351: static char* weaponStatus()
cTrekGame.c:657: int weaponsCheck(1)
ship.h:114: int Ship::weaponCount()
ship.h:114: int Ship::weaponCount()
drawable.h:432: const char* gunRangeColour(1, 0)
drawable.h:447: static char* hudColours(0, 0)
utils.h:160: static char* prefix(500, n)
drawable.h:289: void minimalHUD(2, 25)
drawable.h:447: static char* hudColours(0, 0)
drawable.h:447: static char* hudColours(100, 100)
drawable.h:447: static char* hudColours(1000, 1000)
utils.h:200: const char* securityStatus()
cTrekGame.c:657: int weaponsCheck(1)
drawable.h:351: static char* weaponStatus()
cTrekGame.c:657: int weaponsCheck(1)
ship.h:114: int Ship::weaponCount()
ship.h:114: int Ship::weaponCount()
drawable.h:432: const char* gunRangeColour(1, 0)
drawable.h:447: static char* hudColours(0, 0)
utils.h:160: static char* prefix(500, n)
cTrekGame.c:219: 

Choice: s
cTrekGame.c:376: void move(s)
drawable.h:373: void comLog(1, 30)
drawable.h:5: void drawWindow(1, 30, 60, 5)
utils.h:129: int enemyAtTile(10)
utils.h:120: int getMapTile(10)
utils.h:120: int getMapTile(10)
utils.h:142: int derelictAtTile(10)
utils.h:120: int getMapTile(10)
utils.h:120: int getMapTile(10)
player.h:291: int Player::setPos(10)
system.h:133: int System::save()
player.h:252: int Player::saveEnemy()
player.h:263: int Player::save()
drawable.h:144: void printMap(0)
drawable.h:5: void drawWindow(3, 3, 42, 21)
player.h:285: int Player::pos()
drawable.h:177: char* charColour(80, 0, 10)
drawable.h:216: const char* printShip(1)
player.h:285: int Player::pos()
drawable.h:177: char* charColour(3, 0, 38)
drawable.h:216: const char* printShip(3)
drawable.h:311: void healthBars()
drawable.h:289: void minimalHUD(2, 25)
drawable.h:447: static char* hudColours(0, 0)
drawable.h:447: static char* hudColours(100, 100)
drawable.h:447: static char* hudColours(1000, 1000)
utils.h:200: const char* securityStatus()
cTrekGame.c:657: int weaponsCheck(1)
drawable.h:351: static char* weaponStatus()
cTrekGame.c:657: int weaponsCheck(1)
ship.h:114: int Ship::weaponCount()
ship.h:114: int Ship::weaponCount()
drawable.h:432: const char* gunRangeColour(1, 0)
drawable.h:447: static char* hudColours(0, 0)
utils.h:160: static char* prefix(500, n)
drawable.h:289: void minimalHUD(2, 25)
drawable.h:447: static char* hudColours(0, 0)
drawable.h:447: static char* hudColours(100, 100)
drawable.h:447: static char* hudColours(1000, 1000)
utils.h:200: const char* securityStatus()
cTrekGame.c:657: int weaponsCheck(1)
drawable.h:351: static char* weaponStatus()
cTrekGame.c:657: int weaponsCheck(1)
ship.h:114: int Ship::weaponCount()
ship.h:114: int Ship::weaponCount()
drawable.h:432: const char* gunRangeColour(1, 0)
drawable.h:447: static char* hudColours(0, 0)
utils.h:160: static char* prefix(500, n)
drawable.h:289: void minimalHUD(2, 25)
drawable.h:447: static char* hudColours(0, 0)
drawable.h:447: static char* hudColours(100, 100)
drawable.h:447: static char* hudColours(1000, 1000)
utils.h:200: const char* securityStatus()
cTrekGame.c:657: int weaponsCheck(1)
drawable.h:351: static char* weaponStatus()
cTrekGame.c:657: int weaponsCheck(1)
ship.h:114: int Ship::weaponCount()
ship.h:114: int Ship::weaponCount()
drawable.h:432: const char* gunRangeColour(1, 0)
drawable.h:447: static char* hudColours(0, 0)
utils.h:160: static char* prefix(500, n)
cTrekGame.c:219: 

Choice: s
cTrekGame.c:376: void move(s)
drawable.h:373: void comLog(1, 30)
drawable.h:5: void drawWindow(1, 30, 60, 5)
utils.h:129: int enemyAtTile(20)
utils.h:120: int getMapTile(20)
utils.h:120: int getMapTile(20)
utils.h:142: int derelictAtTile(20)
utils.h:120: int getMapTile(20)
utils.h:120: int getMapTile(20)
player.h:291: int Player::setPos(20)
system.h:133: int System::save()
player.h:252: int Player::saveEnemy()
player.h:263: int Player::save()
drawable.h:144: void printMap(0)
drawable.h:5: void drawWindow(3, 3, 42, 21)
player.h:285: int Player::pos()
drawable.h:177: char* charColour(80, 0, 20)
drawable.h:216: const char* printShip(1)
player.h:285: int Player::pos()
drawable.h:177: char* charColour(3, 0, 38)
drawable.h:216: const char* printShip(3)
drawable.h:311: void healthBars()
drawable.h:289: void minimalHUD(2, 25)
drawable.h:447: static char* hudColours(0, 0)
drawable.h:447: static char* hudColours(100, 100)
drawable.h:447: static char* hudColours(1000, 1000)
utils.h:200: const char* securityStatus()
cTrekGame.c:657: int weaponsCheck(1)
drawable.h:351: static char* weaponStatus()
cTrekGame.c:657: int weaponsCheck(1)
ship.h:114: int Ship::weaponCount()
ship.h:114: int Ship::weaponCount()
drawable.h:432: const char* gunRangeColour(1, 0)
drawable.h:447: static char* hudColours(0, 0)
utils.h:160: static char* prefix(500, n)
drawable.h:289: void minimalHUD(2, 25)
drawable.h:447: static char* hudColours(0, 0)
drawable.h:447: static char* hudColours(100, 100)
drawable.h:447: static char* hudColours(1000, 1000)
utils.h:200: const char* securityStatus()
cTrekGame.c:657: int weaponsCheck(1)
drawable.h:351: static char* weaponStatus()
cTrekGame.c:657: int weaponsCheck(1)
ship.h:114: int Ship::weaponCount()
ship.h:114: int Ship::weaponCount()
drawable.h:432: const char* gunRangeColour(1, 0)
drawable.h:447: static char* hudColours(0, 0)
utils.h:160: static char* prefix(500, n)
drawable.h:289: void minimalHUD(2, 25)
drawable.h:447: static char* hudColours(0, 0)
drawable.h:447: static char* hudColours(100, 100)
drawable.h:447: static char* hudColours(1000, 1000)
utils.h:200: const char* securityStatus()
cTrekGame.c:657: int weaponsCheck(1)
drawable.h:351: static char* weaponStatus()
cTrekGame.c:657: int weaponsCheck(1)
ship.h:114: int Ship::weaponCount()
ship.h:114: int Ship::weaponCount()
drawable.h:432: const char* gunRangeColour(1, 0)
drawable.h:447: static char* hudColours(0, 0)
utils.h:160: static char* prefix(500, n)
cTrekGame.c:219: 

Choice: s
cTrekGame.c:376: void move(s)
drawable.h:373: void comLog(1, 30)
drawable.h:5: void drawWindow(1, 30, 60, 5)
utils.h:129: int enemyAtTile(30)
utils.h:120: int getMapTile(30)
utils.h:120: int getMapTile(30)
utils.h:142: int derelictAtTile(30)
utils.h:120: int getMapTile(30)
utils.h:120: int getMapTile(30)
player.h:291: int Player::setPos(30)
system.h:133: int System::save()
player.h:252: int Player::saveEnemy()
player.h:263: int Player::save()
drawable.h:144: void printMap(0)
drawable.h:5: void drawWindow(3, 3, 42, 21)
player.h:285: int Player::pos()
drawable.h:177: char* charColour(80, 0, 30)
drawable.h:216: const char* printShip(1)
player.h:285: int Player::pos()
drawable.h:177: char* charColour(3, 0, 38)
drawable.h:216: const char* printShip(3)
drawable.h:311: void healthBars()
drawable.h:289: void minimalHUD(2, 25)
drawable.h:447: static char* hudColours(0, 0)
drawable.h:447: static char* hudColours(100, 100)
drawable.h:447: static char* hudColours(1000, 1000)
utils.h:200: const char* securityStatus()
cTrekGame.c:657: int weaponsCheck(1)
drawable.h:351: static char* weaponStatus()
cTrekGame.c:657: int weaponsCheck(1)
ship.h:114: int Ship::weaponCount()
ship.h:114: int Ship::weaponCount()
drawable.h:432: const char* gunRangeColour(1, 0)
drawable.h:447: static char* hudColours(0, 0)
utils.h:160: static char* prefix(500, n)
drawable.h:289: void minimalHUD(2, 25)
drawable.h:447: static char* hudColours(0, 0)
drawable.h:447: static char* hudColours(100, 100)
drawable.h:447: static char* hudColours(1000, 1000)
utils.h:200: const char* securityStatus()
cTrekGame.c:657: int weaponsCheck(1)
drawable.h:351: static char* weaponStatus()
cTrekGame.c:657: int weaponsCheck(1)
ship.h:114: int Ship::weaponCount()
ship.h:114: int Ship::weaponCount()
drawable.h:432: const char* gunRangeColour(1, 0)
drawable.h:447: static char* hudColours(0, 0)
utils.h:160: static char* prefix(500, n)
drawable.h:289: void minimalHUD(2, 25)
drawable.h:447: static char* hudColours(0, 0)
drawable.h:447: static char* hudColours(100, 100)
drawable.h:447: static char* hudColours(1000, 1000)
utils.h:200: const char* securityStatus()
cTrekGame.c:657: int weaponsCheck(1)
drawable.h:351: static char* weaponStatus()
cTrekGame.c:657: int weaponsCheck(1)
ship.h:114: int Ship::weaponCount()
ship.h:114: int Ship::weaponCount()
drawable.h:432: const char* gunRangeColour(1, 0)
drawable.h:447: static char* hudColours(0, 0)
utils.h:160: static char* prefix(500, n)
cTrekGame.c:219: 

Choice: d
cTrekGame.c:376: void move(d)
drawable.h:373: void comLog(1, 30)
drawable.h:5: void drawWindow(1, 30, 60, 5)
utils.h:129: int enemyAtTile(31)
utils.h:120: int getMapTile(31)
utils.h:120: int getMapTile(31)
utils.h:142: int derelictAtTile(31)
utils.h:120: int getMapTile(31)
utils.h:120: int getMapTile(31)
player.h:291: int Player::setPos(31)
system.h:133: int System::save()
player.h:252: int Player::saveEnemy()
player.h:263: int Player::save()
drawable.h:144: void printMap(0)
drawable.h:5: void drawWindow(3, 3, 42, 21)
player.h:285: int Player::pos()
drawable.h:177: char* charColour(80, 0, 31)
drawable.h:216: const char* printShip(1)
player.h:285: int Player::pos()
drawable.h:177: char* charColour(3, 0, 38)
drawable.h:216: const char* printShip(3)
drawable.h:311: void healthBars()
drawable.h:289: void minimalHUD(2, 25)
drawable.h:447: static char* hudColours(0, 0)
drawable.h:447: static char* hudColours(100, 100)
drawable.h:447: static char* hudColours(1000, 1000)
utils.h:200: const char* securityStatus()
cTrekGame.c:657: int weaponsCheck(1)
drawable.h:351: static char* weaponStatus()
cTrekGame.c:657: int weaponsCheck(1)
ship.h:114: int Ship::weaponCount()
ship.h:114: int Ship::weaponCount()
drawable.h:432: const char* gunRangeColour(1, 0)
drawable.h:447: static char* hudColours(0, 0)
utils.h:160: static char* prefix(500, n)
drawable.h:289: void minimalHUD(2, 25)
drawable.h:447: static char* hudColours(0, 0)
drawable.h:447: static char* hudColours(100, 100)
drawable.h:447: static char* hudColours(1000, 1000)
utils.h:200: const char* securityStatus()
cTrekGame.c:657: int weaponsCheck(1)
drawable.h:351: static char* weaponStatus()
cTrekGame.c:657: int weaponsCheck(1)
ship.h:114: int Ship::weaponCount()
ship.h:114: int Ship::weaponCount()
drawable.h:432: const char* gunRangeColour(1, 0)
drawable.h:447: static char* hudColours(0, 0)
utils.h:160: static char* prefix(500, n)
drawable.h:289: void minimalHUD(2, 25)
drawable.h:447: static char* hudColours(0, 0)
drawable.h:447: static char* hudColours(100, 100)
drawable.h:447: static char* hudColours(1000, 1000)
utils.h:200: const char* securityStatus()
cTrekGame.c:657: int weaponsCheck(1)
drawable.h:351: static char* weaponStatus()
cTrekGame.c:657: int weaponsCheck(1)
ship.h:114: int Ship::weaponCount()
ship.h:114: int Ship::weaponCount()
drawable.h:432: const char* gunRangeColour(1, 0)
drawable.h:447: static char* hudColours(0, 0)
utils.h:160: static char* prefix(500, n)
cTrekGame.c:219: 

Choice: d
cTrekGame.c:376: void move(d)
drawable.h:373: void comLog(1, 30)
drawable.h:5: void drawWindow(1, 30, 60, 5)
utils.h:129: int enemyAtTile(32)
utils.h:120: int getMapTile(32)
utils.h:120: int getMapTile(32)
utils.h:142: int derelictAtTile(32)
utils.h:120: int getMapTile(32)
utils.h:120: int getMapTile(32)
player.h:291: int Player::setPos(32)
system.h:133: int System::save()
player.h:252: int Player::saveEnemy()
player.h:263: int Player::save()
drawable.h:144: void printMap(0)
drawable.h:5: void drawWindow(3, 3, 42, 21)
player.h:285: int Player::pos()
drawable.h:177: char* charColour(80, 0, 32)
drawable.h:216: const char* printShip(1)
player.h:285: int Player::pos()
drawable.h:177: char* charColour(3, 0, 38)
drawable.h:216: const char* printShip(3)
drawable.h:311: void healthBars()
drawable.h:289: void minimalHUD(2, 25)
drawable.h:447: static char* hudColours(0, 0)
drawable.h:447: static char* hudColours(100, 100)
drawable.h:447: static char* hudColours(1000, 1000)
utils.h:200: const char* securityStatus()
cTrekGame.c:657: int weaponsCheck(1)
drawable.h:351: static char* weaponStatus()
cTrekGame.c:657: int weaponsCheck(1)
ship.h:114: int Ship::weaponCount()
ship.h:114: int Ship::weaponCount()
drawable.h:432: const char* gunRangeColour(1, 0)
drawable.h:447: static char* hudColours(0, 0)
utils.h:160: static char* prefix(500, n)
drawable.h:289: void minimalHUD(2, 25)
drawable.h:447: static char* hudColours(0, 0)
drawable.h:447: static char* hudColours(100, 100)
drawable.h:447: static char* hudColours(1000, 1000)
utils.h:200: const char* securityStatus()
cTrekGame.c:657: int weaponsCheck(1)
drawable.h:351: static char* weaponStatus()
cTrekGame.c:657: int weaponsCheck(1)
ship.h:114: int Ship::weaponCount()
ship.h:114: int Ship::weaponCount()
drawable.h:432: const char* gunRangeColour(1, 0)
drawable.h:447: static char* hudColours(0, 0)
utils.h:160: static char* prefix(500, n)
drawable.h:289: void minimalHUD(2, 25)
drawable.h:447: static char* hudColours(0, 0)
drawable.h:447: static char* hudColours(100, 100)
drawable.h:447: static char* hudColours(1000, 1000)
utils.h:200: const char* securityStatus()
cTrekGame.c:657: int weaponsCheck(1)
drawable.h:351: static char* weaponStatus()
cTrekGame.c:657: int weaponsCheck(1)
ship.h:114: int Ship::weaponCount()
ship.h:114: int Ship::weaponCount()
drawable.h:432: const char* gunRangeColour(1, 0)
drawable.h:447: static char* hudColours(0, 0)
utils.h:160: static char* prefix(500, n)
cTrekGame.c:219: 

Choice: d
cTrekGame.c:376: void move(d)
drawable.h:373: void comLog(1, 30)
drawable.h:5: void drawWindow(1, 30, 60, 5)
utils.h:129: int enemyAtTile(33)
utils.h:120: int getMapTile(33)
utils.h:120: int getMapTile(33)
utils.h:142: int derelictAtTile(33)
utils.h:120: int getMapTile(33)
utils.h:120: int getMapTile(33)
player.h:291: int Player::setPos(33)
system.h:133: int System::save()
player.h:252: int Player::saveEnemy()
player.h:263: int Player::save()
drawable.h:144: void printMap(0)
drawable.h:5: void drawWindow(3, 3, 42, 21)
player.h:285: int Player::pos()
drawable.h:177: char* charColour(80, 0, 33)
drawable.h:216: const char* printShip(1)
player.h:285: int Player::pos()
drawable.h:177: char* charColour(3, 0, 38)
drawable.h:216: const char* printShip(3)
drawable.h:311: void healthBars()
drawable.h:289: void minimalHUD(2, 25)
drawable.h:447: static char* hudColours(0, 0)
drawable.h:447: static char* hudColours(100, 100)
drawable.h:447: static char* hudColours(1000, 1000)
utils.h:200: const char* securityStatus()
cTrekGame.c:657: int weaponsCheck(1)
drawable.h:351: static char* weaponStatus()
cTrekGame.c:657: int weaponsCheck(1)
ship.h:114: int Ship::weaponCount()
ship.h:114: int Ship::weaponCount()
drawable.h:432: const char* gunRangeColour(1, 0)
drawable.h:447: static char* hudColours(0, 0)
utils.h:160: static char* prefix(500, n)
drawable.h:289: void minimalHUD(2, 25)
drawable.h:447: static char* hudColours(0, 0)
drawable.h:447: static char* hudColours(100, 100)
drawable.h:447: static char* hudColours(1000, 1000)
utils.h:200: const char* securityStatus()
cTrekGame.c:657: int weaponsCheck(1)
drawable.h:351: static char* weaponStatus()
cTrekGame.c:657: int weaponsCheck(1)
ship.h:114: int Ship::weaponCount()
ship.h:114: int Ship::weaponCount()
drawable.h:432: const char* gunRangeColour(1, 0)
drawable.h:447: static char* hudColours(0, 0)
utils.h:160: static char* prefix(500, n)
drawable.h:289: void minimalHUD(2, 25)
drawable.h:447: static char* hudColours(0, 0)
drawable.h:447: static char* hudColours(100, 100)
drawable.h:447: static char* hudColours(1000, 1000)
utils.h:200: const char* securityStatus()
cTrekGame.c:657: int weaponsCheck(1)
drawable.h:351: static char* weaponStatus()
cTrekGame.c:657: int weaponsCheck(1)
ship.h:114: int Ship::weaponCount()
ship.h:114: int Ship::weaponCount()
drawable.h:432: const char* gunRangeColour(1, 0)
drawable.h:447: static char* hudColours(0, 0)
utils.h:160: static char* prefix(500, n)
cTrekGame.c:219: 

Choice: d
cTrekGame.c:376: void move(d)
drawable.h:373: void comLog(1, 30)
drawable.h:5: void drawWindow(1, 30, 60, 5)
utils.h:129: int enemyAtTile(34)
utils.h:120: int getMapTile(34)
utils.h:120: int getMapTile(34)
utils.h:142: int derelictAtTile(34)
utils.h:120: int getMapTile(34)
utils.h:120: int getMapTile(34)
player.h:291: int Player::setPos(34)
system.h:133: int System::save()
player.h:252: int Player::saveEnemy()
player.h:263: int Player::save()
drawable.h:144: void printMap(0)
drawable.h:5: void drawWindow(3, 3, 42, 21)
player.h:285: int Player::pos()
drawable.h:177: char* charColour(80, 0, 34)
drawable.h:216: const char* printShip(1)
player.h:285: int Player::pos()
drawable.h:177: char* charColour(3, 0, 38)
drawable.h:216: const char* printShip(3)
drawable.h:311: void healthBars()
drawable.h:289: void minimalHUD(2, 25)
drawable.h:447: static char* hudColours(0, 0)
drawable.h:447: static char* hudColours(100, 100)
drawable.h:447: static char* hudColours(1000, 1000)
utils.h:200: const char* securityStatus()
cTrekGame.c:657: int weaponsCheck(1)
drawable.h:351: static char* weaponStatus()
cTrekGame.c:657: int weaponsCheck(1)
ship.h:114: int Ship::weaponCount()
ship.h:114: int Ship::weaponCount()
drawable.h:432: const char* gunRangeColour(1, 0)
drawable.h:447: static char* hudColours(0, 0)
utils.h:160: static char* prefix(500, n)
drawable.h:289: void minimalHUD(2, 25)
drawable.h:447: static char* hudColours(0, 0)
drawable.h:447: static char* hudColours(100, 100)
drawable.h:447: static char* hudColours(1000, 1000)
utils.h:200: const char* securityStatus()
cTrekGame.c:657: int weaponsCheck(1)
drawable.h:351: static char* weaponStatus()
cTrekGame.c:657: int weaponsCheck(1)
ship.h:114: int Ship::weaponCount()
ship.h:114: int Ship::weaponCount()
drawable.h:432: const char* gunRangeColour(1, 0)
drawable.h:447: static char* hudColours(0, 0)
utils.h:160: static char* prefix(500, n)
drawable.h:289: void minimalHUD(2, 25)
drawable.h:447: static char* hudColours(0, 0)
drawable.h:447: static char* hudColours(100, 100)
drawable.h:447: static char* hudColours(1000, 1000)
utils.h:200: const char* securityStatus()
cTrekGame.c:657: int weaponsCheck(1)
drawable.h:351: static char* weaponStatus()
cTrekGame.c:657: int weaponsCheck(1)
ship.h:114: int Ship::weaponCount()
ship.h:114: int Ship::weaponCount()
drawable.h:432: const char* gunRangeColour(1, 0)
drawable.h:447: static char* hudColours(0, 0)
utils.h:160: static char* prefix(500, n)
cTrekGame.c:219: 

Choice: d
cTrekGame.c:376: void move(d)
drawable.h:373: void comLog(1, 30)
drawable.h:5: void drawWindow(1, 30, 60, 5)
utils.h:129: int enemyAtTile(35)
utils.h:120: int getMapTile(35)
utils.h:120: int getMapTile(35)
utils.h:142: int derelictAtTile(35)
utils.h:120: int getMapTile(35)
utils.h:120: int getMapTile(35)
player.h:291: int Player::setPos(35)
system.h:133: int System::save()
player.h:252: int Player::saveEnemy()
player.h:263: int Player::save()
drawable.h:144: void printMap(0)
drawable.h:5: void drawWindow(3, 3, 42, 21)
player.h:285: int Player::pos()
drawable.h:177: char* charColour(80, 0, 35)
drawable.h:216: const char* printShip(1)
player.h:285: int Player::pos()
drawable.h:177: char* charColour(3, 0, 38)
drawable.h:216: const char* printShip(3)
drawable.h:311: void healthBars()
drawable.h:289: void minimalHUD(2, 25)
drawable.h:447: static char* hudColours(0, 0)
drawable.h:447: static char* hudColours(100, 100)
drawable.h:447: static char* hudColours(1000, 1000)
utils.h:200: const char* securityStatus()
cTrekGame.c:657: int weaponsCheck(1)
drawable.h:351: static char* weaponStatus()
cTrekGame.c:657: int weaponsCheck(1)
ship.h:114: int Ship::weaponCount()
ship.h:114: int Ship::weaponCount()
drawable.h:432: const char* gunRangeColour(1, 1)
drawable.h:447: static char* hudColours(0, 0)
utils.h:160: static char* prefix(500, n)
drawable.h:289: void minimalHUD(2, 25)
drawable.h:447: static char* hudColours(0, 0)
drawable.h:447: static char* hudColours(100, 100)
drawable.h:447: static char* hudColours(1000, 1000)
utils.h:200: const char* securityStatus()
cTrekGame.c:657: int weaponsCheck(1)
drawable.h:351: static char* weaponStatus()
cTrekGame.c:657: int weaponsCheck(1)
ship.h:114: int Ship::weaponCount()
ship.h:114: int Ship::weaponCount()
drawable.h:432: const char* gunRangeColour(1, 1)
drawable.h:447: static char* hudColours(0, 0)
utils.h:160: static char* prefix(500, n)
drawable.h:289: void minimalHUD(2, 25)
drawable.h:447: static char* hudColours(0, 0)
drawable.h:447: static char* hudColours(100, 100)
drawable.h:447: static char* hudColours(1000, 1000)
utils.h:200: const char* securityStatus()
cTrekGame.c:657: int weaponsCheck(1)
drawable.h:351: static char* weaponStatus()
cTrekGame.c:657: int weaponsCheck(1)
ship.h:114: int Ship::weaponCount()
ship.h:114: int Ship::weaponCount()
drawable.h:432: const char* gunRangeColour(1, 1)
drawable.h:447: static char* hudColours(0, 0)
utils.h:160: static char* prefix(500, n)
cTrekGame.c:219: 

Choice: d
cTrekGame.c:376: void move(d)
drawable.h:373: void comLog(1, 30)
drawable.h:5: void drawWindow(1, 30, 60, 5)
utils.h:129: int enemyAtTile(36)
utils.h:120: int getMapTile(36)
utils.h:120: int getMapTile(36)
utils.h:142: int derelictAtTile(36)
utils.h:120: int getMapTile(36)
utils.h:120: int getMapTile(36)
player.h:291: int Player::setPos(36)
system.h:133: int System::save()
player.h:252: int Player::saveEnemy()
player.h:263: int Player::save()
drawable.h:144: void printMap(0)
drawable.h:5: void drawWindow(3, 3, 42, 21)
player.h:285: int Player::pos()
drawable.h:177: char* charColour(80, 0, 36)
drawable.h:216: const char* printShip(1)
player.h:285: int Player::pos()
drawable.h:177: char* charColour(3, 0, 38)
drawable.h:216: const char* printShip(3)
drawable.h:311: void healthBars()
drawable.h:289: void minimalHUD(2, 25)
drawable.h:447: static char* hudColours(0, 0)
drawable.h:447: static char* hudColours(100, 100)
drawable.h:447: static char* hudColours(1000, 1000)
utils.h:200: const char* securityStatus()
cTrekGame.c:657: int weaponsCheck(1)
drawable.h:351: static char* weaponStatus()
cTrekGame.c:657: int weaponsCheck(1)
ship.h:114: int Ship::weaponCount()
ship.h:114: int Ship::weaponCount()
drawable.h:432: const char* gunRangeColour(1, 1)
drawable.h:447: static char* hudColours(0, 0)
utils.h:160: static char* prefix(500, n)
drawable.h:289: void minimalHUD(2, 25)
drawable.h:447: static char* hudColours(0, 0)
drawable.h:447: static char* hudColours(100, 100)
drawable.h:447: static char* hudColours(1000, 1000)
utils.h:200: const char* securityStatus()
cTrekGame.c:657: int weaponsCheck(1)
drawable.h:351: static char* weaponStatus()
cTrekGame.c:657: int weaponsCheck(1)
ship.h:114: int Ship::weaponCount()
ship.h:114: int Ship::weaponCount()
drawable.h:432: const char* gunRangeColour(1, 1)
drawable.h:447: static char* hudColours(0, 0)
utils.h:160: static char* prefix(500, n)
drawable.h:289: void minimalHUD(2, 25)
drawable.h:447: static char* hudColours(0, 0)
drawable.h:447: static char* hudColours(100, 100)
drawable.h:447: static char* hudColours(1000, 1000)
utils.h:200: const char* securityStatus()
cTrekGame.c:657: int weaponsCheck(1)
drawable.h:351: static char* weaponStatus()
cTrekGame.c:657: int weaponsCheck(1)
ship.h:114: int Ship::weaponCount()
ship.h:114: int Ship::weaponCount()
drawable.h:432: const char* gunRangeColour(1, 1)
drawable.h:447: static char* hudColours(0, 0)
utils.h:160: static char* prefix(500, n)
cTrekGame.c:219: 

Choice: d
cTrekGame.c:376: void move(d)
drawable.h:373: void comLog(1, 30)
drawable.h:5: void drawWindow(1, 30, 60, 5)
utils.h:129: int enemyAtTile(37)
utils.h:120: int getMapTile(37)
utils.h:120: int getMapTile(37)
utils.h:142: int derelictAtTile(37)
utils.h:120: int getMapTile(37)
utils.h:120: int getMapTile(37)
player.h:291: int Player::setPos(37)
system.h:133: int System::save()
player.h:252: int Player::saveEnemy()
player.h:263: int Player::save()
drawable.h:144: void printMap(0)
drawable.h:5: void drawWindow(3, 3, 42, 21)
player.h:285: int Player::pos()
drawable.h:177: char* charColour(80, 0, 37)
drawable.h:216: const char* printShip(1)
player.h:285: int Player::pos()
drawable.h:177: char* charColour(3, 0, 38)
drawable.h:216: const char* printShip(3)
drawable.h:311: void healthBars()
drawable.h:289: void minimalHUD(2, 25)
drawable.h:447: static char* hudColours(0, 0)
drawable.h:447: static char* hudColours(100, 100)
drawable.h:447: static char* hudColours(1000, 1000)
utils.h:200: const char* securityStatus()
cTrekGame.c:657: int weaponsCheck(1)
drawable.h:351: static char* weaponStatus()
cTrekGame.c:657: int weaponsCheck(1)
ship.h:114: int Ship::weaponCount()
ship.h:114: int Ship::weaponCount()
drawable.h:432: const char* gunRangeColour(1, 1)
drawable.h:447: static char* hudColours(0, 0)
utils.h:160: static char* prefix(500, n)
drawable.h:289: void minimalHUD(2, 25)
drawable.h:447: static char* hudColours(0, 0)
drawable.h:447: static char* hudColours(100, 100)
drawable.h:447: static char* hudColours(1000, 1000)
utils.h:200: const char* securityStatus()
cTrekGame.c:657: int weaponsCheck(1)
drawable.h:351: static char* weaponStatus()
cTrekGame.c:657: int weaponsCheck(1)
ship.h:114: int Ship::weaponCount()
ship.h:114: int Ship::weaponCount()
drawable.h:432: const char* gunRangeColour(1, 1)
drawable.h:447: static char* hudColours(0, 0)
utils.h:160: static char* prefix(500, n)
drawable.h:289: void minimalHUD(2, 25)
drawable.h:447: static char* hudColours(0, 0)
drawable.h:447: static char* hudColours(100, 100)
drawable.h:447: static char* hudColours(1000, 1000)
utils.h:200: const char* securityStatus()
cTrekGame.c:657: int weaponsCheck(1)
drawable.h:351: static char* weaponStatus()
cTrekGame.c:657: int weaponsCheck(1)
ship.h:114: int Ship::weaponCount()
ship.h:114: int Ship::weaponCount()
drawable.h:432: const char* gunRangeColour(1, 1)
drawable.h:447: static char* hudColours(0, 0)
utils.h:160: static char* prefix(500, n)
cTrekGame.c:219: 

Choice: n
cTrekGame.c:572: void scan(1)
cTrekGame.c:657: int weaponsCheck(2)
drawable.h:373: void comLog(1, 30)
drawable.h:5: void drawWindow(1, 30, 60, 5)
ship.h:114: int Ship::weaponCount()
drawable.h:144: void printMap(1)
drawable.h:5: void drawWindow(3, 3, 42, 21)
drawable.h:88: int rangeMap(1)
player.h:285: int Player::pos()
drawable.h:177: char* charColour(80, 1, 37)
cTrekGame.c:462: int inRange(1, 37)
drawable.h:216: const char* printShip(1)
player.h:285: int Player::pos()
drawable.h:177: char* charColour(3, 1, 38)
cTrekGame.c:462: int inRange(1, 38)
drawable.h:216: const char* printShip(3)
drawable.h:311: void healthBars()
drawable.h:289: void minimalHUD(2, 25)
drawable.h:447: static char* hudColours(0, 0)
drawable.h:447: static char* hudColours(100, 100)
drawable.h:447: static char* hudColours(1000, 1000)
utils.h:200: const char* securityStatus()
cTrekGame.c:657: int weaponsCheck(1)
drawable.h:351: static char* weaponStatus()
cTrekGame.c:657: int weaponsCheck(1)
ship.h:114: int Ship::weaponCount()
ship.h:114: int Ship::weaponCount()
drawable.h:432: const char* gunRangeColour(1, 1)
drawable.h:447: static char* hudColours(0, 0)
utils.h:160: static char* prefix(500, n)
drawable.h:289: void minimalHUD(2, 25)
drawable.h:447: static char* hudColours(0, 0)
drawable.h:447: static char* hudColours(100, 100)
drawable.h:447: static char* hudColours(1000, 1000)
utils.h:200: const char* securityStatus()
cTrekGame.c:657: int weaponsCheck(1)
drawable.h:351: static char* weaponStatus()
cTrekGame.c:657: int weaponsCheck(1)
ship.h:114: int Ship::weaponCount()
ship.h:114: int Ship::weaponCount()
drawable.h:432: const char* gunRangeColour(1, 1)
drawable.h:447: static char* hudColours(0, 0)
utils.h:160: static char* prefix(500, n)
cTrekGame.c:219: 

Choice: r
cTrekGame.c:572: void scan(2)
cTrekGame.c:657: int weaponsCheck(1)
drawable.h:373: void comLog(1, 30)
drawable.h:5: void drawWindow(1, 30, 60, 5)
drawable.h:289: void minimalHUD(2, 25)
drawable.h:447: static char* hudColours(0, 0)
drawable.h:447: static char* hudColours(100, 100)
drawable.h:447: static char* hudColours(1000, 1000)
utils.h:200: const char* securityStatus()
cTrekGame.c:657: int weaponsCheck(1)
drawable.h:351: static char* weaponStatus()
cTrekGame.c:657: int weaponsCheck(1)
ship.h:114: int Ship::weaponCount()
ship.h:114: int Ship::weaponCount()
drawable.h:432: const char* gunRangeColour(1, 1)
drawable.h:447: static char* hudColours(0, 0)
utils.h:160: static char* prefix(500, n)
drawable.h:289: void minimalHUD(2, 25)
drawable.h:447: static char* hudColours(0, 0)
drawable.h:447: static char* hudColours(100, 100)
drawable.h:447: static char* hudColours(1000, 1000)
utils.h:200: const char* securityStatus()
cTrekGame.c:657: int weaponsCheck(1)
drawable.h:351: static char* weaponStatus()
cTrekGame.c:657: int weaponsCheck(1)
ship.h:114: int Ship::weaponCount()
ship.h:114: int Ship::weaponCount()
drawable.h:432: const char* gunRangeColour(1, 1)
drawable.h:447: static char* hudColours(0, 0)
utils.h:160: static char* prefix(500, n)
cTrekGame.c:219: 

Choice: T
drawable.h:373: void comLog(1, 30)
drawable.h:5: void drawWindow(1, 30, 60, 5)
cTrekGame.c:734: void fire(2)
drawable.h:373: void comLog(1, 30)
drawable.h:5: void drawWindow(1, 30, 60, 5)
cTrekGame.c:657: int weaponsCheck(2)
cTrekGame.c:830: void damageReport(16, 1)
cTrekGame.c:844: target:1, dmg: 16, shield:0, hull:100
cTrekGame.c:872: target:1, dmg: 16, shield:0, hull:16
drawable.h:144: void printMap(0)
drawable.h:5: void drawWindow(3, 3, 42, 21)
player.h:285: int Player::pos()
drawable.h:177: char* charColour(80, 0, 37)
drawable.h:216: const char* printShip(1)
player.h:285: int Player::pos()
drawable.h:177: char* charColour(3, 0, 38)
drawable.h:216: const char* printShip(3)
drawable.h:311: void healthBars()
drawable.h:289: void minimalHUD(2, 25)
drawable.h:447: static char* hudColours(0, 0)
drawable.h:447: static char* hudColours(16, 100)
drawable.h:447: static char* hudColours(1000, 1000)
utils.h:200: const char* securityStatus()
cTrekGame.c:657: int weaponsCheck(1)
drawable.h:351: static char* weaponStatus()
cTrekGame.c:657: int weaponsCheck(1)
ship.h:114: int Ship::weaponCount()
ship.h:114: int Ship::weaponCount()
drawable.h:432: const char* gunRangeColour(1, 1)
drawable.h:447: static char* hudColours(0, 0)
utils.h:160: static char* prefix(500, n)
cTrekGame.c:219: 

Choice: t
cTrekGame.c:734: void fire(1)
drawable.h:373: void comLog(1, 30)
drawable.h:5: void drawWindow(1, 30, 60, 5)
ship.h:114: int Ship::weaponCount()
cTrekGame.c:657: int weaponsCheck(1)
cTrekGame.c:830: void damageReport(17, 2)
cTrekGame.c:844: target:2, dmg: 17, shield:500, hull:700
cTrekGame.c:872: target:2, dmg: 17, shield:483, hull:700
drawable.h:144: void printMap(0)
drawable.h:5: void drawWindow(3, 3, 42, 21)
player.h:285: int Player::pos()
drawable.h:177: char* charColour(80, 0, 37)
drawable.h:216: const char* printShip(1)
player.h:285: int Player::pos()
drawable.h:177: char* charColour(3, 0, 38)
drawable.h:216: const char* printShip(3)
drawable.h:311: void healthBars()
drawable.h:289: void minimalHUD(2, 25)
drawable.h:447: static char* hudColours(0, 0)
drawable.h:447: static char* hudColours(16, 100)
drawable.h:447: static char* hudColours(980, 1000)
utils.h:200: const char* securityStatus()
cTrekGame.c:657: int weaponsCheck(1)
drawable.h:351: static char* weaponStatus()
cTrekGame.c:657: int weaponsCheck(1)
ship.h:114: int Ship::weaponCount()
ship.h:114: int Ship::weaponCount()
drawable.h:432: const char* gunRangeColour(1, 1)
drawable.h:447: static char* hudColours(0, 0)
utils.h:160: static char* prefix(500, n)
drawable.h:289: void minimalHUD(2, 25)
drawable.h:447: static char* hudColours(0, 0)
drawable.h:447: static char* hudColours(16, 100)
drawable.h:447: static char* hudColours(980, 1000)
utils.h:200: const char* securityStatus()
cTrekGame.c:657: int weaponsCheck(1)
drawable.h:351: static char* weaponStatus()
cTrekGame.c:657: int weaponsCheck(1)
ship.h:114: int Ship::weaponCount()
ship.h:114: int Ship::weaponCount()
drawable.h:432: const char* gunRangeColour(1, 1)
drawable.h:447: static char* hudColours(0, 0)
utils.h:160: static char* prefix(500, n)
