cTrekGame.cpp:136: 

=====================NEW LOG=========================


./drawable.h:5: void drawWindow(3, 3, 42, 21)
cTrekGame.cpp:74: preGameMenu: 1
cTrekGame.cpp:85: deleted saves
./player.h:186: static Player* Player::newPlayer()
./player.h:206: void Player::initialize(1)
./ship.h:40: static int Ship::newShip(1)
./ship.h:58: int Ship::setType(1)
./ship.h:164: static int Ship::shipCapacity(1, 0)
./ship.h:164: static int Ship::shipCapacity(1, 1)
./ship.h:164: static int Ship::shipCapacity(1, 2)
./ship.h:164: static int Ship::shipCapacity(1, 3)
./ship.h:164: static int Ship::shipCapacity(1, 4)
./ship.h:164: static int Ship::shipCapacity(1, 5)
./system.h:33: static System* System::System(0, 0)
./player.h:194: static Player* Player::newEnemy(0)
./ship.h:40: static int Ship::newShip(0)
./ship.h:58: int Ship::setType(0)
./ship.h:164: static int Ship::shipCapacity(0, 0)
./ship.h:164: static int Ship::shipCapacity(0, 1)
./ship.h:164: static int Ship::shipCapacity(0, 2)
./ship.h:164: static int Ship::shipCapacity(0, 3)
./ship.h:164: static int Ship::shipCapacity(0, 4)
./ship.h:164: static int Ship::shipCapacity(0, 5)
./system.h:47: void System::startingSystem()
./player.h:291: int Player::setPos(45)
./player.h:302: int Player::setGalaxyPos(0, 0)
./planet.h:25: Planet Planet::Planet(35)
./menu.h:53: static Menu* Menu::newMenu(3, 5)
./menu.h:53: static Menu* Menu::newMenu(3, 5)
./menu.h:53: static Menu* Menu::newMenu(3, 5)
./menu.h:53: static Menu* Menu::newMenu(3, 5)
./menu.h:53: static Menu* Menu::newMenu(3, 5)
./menu.h:53: static Menu* Menu::newMenu(3, 5)
./menu.h:53: static Menu* Menu::newMenu(3, 5)
./menu.h:53: static Menu* Menu::newMenu(3, 5)
./menu.h:53: static Menu* Menu::newMenu(3, 5)
./ship.h:58: int Ship::setType(1)
./ship.h:164: static int Ship::shipCapacity(1, 0)
./ship.h:164: static int Ship::shipCapacity(1, 1)
./ship.h:164: static int Ship::shipCapacity(1, 2)
./ship.h:164: static int Ship::shipCapacity(1, 3)
./ship.h:164: static int Ship::shipCapacity(1, 4)
./ship.h:164: static int Ship::shipCapacity(1, 5)
./player.h:263: int Player::save()
./drawable.h:5: void drawWindow(3, 3, 42, 21)
cTrekGame.cpp:207: void choiceMenu(1)
./drawable.h:144: void printMap(0)
./drawable.h:5: void drawWindow(3, 3, 42, 21)
./player.h:285: int Player::pos()
./drawable.h:177: char* charColour(80, 0, 45)
./drawable.h:216: const char* printShip(1)
./drawable.h:177: char* charColour(79, 0, 35)
./drawable.h:311: void healthBars()
./drawable.h:289: void minimalHUD(2, 25)
./drawable.h:487: static char* hudColours(0, 0)
./drawable.h:487: static char* hudColours(100, 100)
./drawable.h:487: static char* hudColours(1000, 1000)
./utils.h:200: const char* securityStatus()
./drawable.h:391: static char* weaponStatus()
cTrekGame.cpp:678: int weaponsCheck(1)
./ship.h:114: int Ship::weaponCount()
./drawable.h:487: static char* hudColours(0, 0)
./utils.h:160: static char* prefix(500, n)
./drawable.h:413: void comLog(1, 30)
./drawable.h:5: void drawWindow(1, 30, 60, 5)
./drawable.h:289: void minimalHUD(2, 25)
./drawable.h:487: static char* hudColours(0, 0)
./drawable.h:487: static char* hudColours(100, 100)
./drawable.h:487: static char* hudColours(1000, 1000)
./utils.h:200: const char* securityStatus()
./drawable.h:391: static char* weaponStatus()
cTrekGame.cpp:678: int weaponsCheck(1)
./ship.h:114: int Ship::weaponCount()
./drawable.h:487: static char* hudColours(0, 0)
./utils.h:160: static char* prefix(500, n)
cTrekGame.cpp:219: 

Choice: A
cTrekGame.cpp:376: void move(A)
./drawable.h:413: void comLog(1, 30)
./drawable.h:5: void drawWindow(1, 30, 60, 5)
./utils.h:129: int enemyAtTile(35)
./utils.h:120: int getMapTile(35)
./utils.h:120: int getMapTile(35)
./system.h:117: Planet System::getPlanet(35)
./planet.h:137: void Planet::dock(init = 0)
./planet.h:49: void Planet::initialize()
./menu.h:117: int Menu::addOption(0: Undock, 0: Undock)
./menu.h:124: int Menu::addOption(0: Undock)
./planet.h:201: int Planet::initShips()
./menu.h:117: int Menu::addOption(%d: Shipyard, 1: Shipyard)
./menu.h:124: int Menu::addOption(1: Shipyard)
./planet.h:233: int Planet::buildShipMenu()
./menu.h:117: int Menu::addOption(0: Back, 0: Back)
./menu.h:124: int Menu::addOption(0: Back)
./menu.h:117: int Menu::addOption(%i: NXC-01: P-Class Shuttle, 1: NXC-01: P-Class Shuttle)
./menu.h:124: int Menu::addOption(1: NXC-01: P-Class Shuttle)
./menu.h:117: int Menu::addOption(%i: Expanse 5060: F-Class Cargo Drone, 2: Expanse 5060: F-Class Cargo Drone)
./menu.h:124: int Menu::addOption(2: Expanse 5060: F-Class Cargo Drone)
./planet.h:174: int Planet::initOutfit()
./menu.h:117: int Menu::addOption(%d: Outfitter, 2: Outfitter)
./menu.h:124: int Menu::addOption(2: Outfitter)
./planet.h:308: int Planet::buildOutfitterMenu(menus)
./menu.h:117: int Menu::addOption(0: Back, 0: Back)
./menu.h:124: int Menu::addOption(0: Back)
./menu.h:117: int Menu::addOption(%d: Supplies, 1: Supplies)
./menu.h:124: int Menu::addOption(1: Supplies)
./menu.h:117: int Menu::addOption(0: Back, 0: Back)
./menu.h:124: int Menu::addOption(0: Back)
./menu.h:117: int Menu::addOption(1: Buy Torpedos (%i/unit), 1: Buy Torpedos (1016/unit))
./menu.h:124: int Menu::addOption(1: Buy Torpedos (1016/unit))
./menu.h:117: int Menu::addOption(2: Sell Torpedos (%i/unit), 2: Sell Torpedos (1016/unit))
./menu.h:124: int Menu::addOption(2: Sell Torpedos (1016/unit))
./menu.h:117: int Menu::addOption(3: Buy Weapons, 3: Buy Weapons)
./menu.h:124: int Menu::addOption(3: Buy Weapons)
./menu.h:117: int Menu::addOption(4: Sell Weapons, 4: Sell Weapons)
./menu.h:124: int Menu::addOption(4: Sell Weapons)
./planet.h:946: int Planet::initCommerce()
./menu.h:117: int Menu::addOption(%d: Commercial Sector, 3: Commercial Sector)
./menu.h:124: int Menu::addOption(3: Commercial Sector)
./planet.h:766: void Planet::buildCommerceMenu(menus)
./menu.h:93: static void Menu::unload(-819806336)
./menu.h:93: static void Menu::unload(-819736512)
./menu.h:93: static void Menu::unload(-819736480)
./menu.h:53: static Menu* Menu::newMenu(3, 5)
./menu.h:53: static Menu* Menu::newMenu(3, 5)
./menu.h:53: static Menu* Menu::newMenu(3, 5)
./menu.h:117: int Menu::addOption(0: Back, 0: Back)
./menu.h:124: int Menu::addOption(0: Back)
./menu.h:117: int Menu::addOption(0: Back, 0: Back)
./menu.h:124: int Menu::addOption(0: Back)
./menu.h:117: int Menu::addOption(0: Back, 0: Back)
./menu.h:124: int Menu::addOption(0: Back)
./planet.h:735: const char* Planet::printDealArrow(17, 12, 1)
./menu.h:117: int Menu::addOption(%i: Warp Plasma %i/L %s (%d), 1: Warp Plasma 17/L [31m>[37m (29))
./menu.h:124: int Menu::addOption(1: Warp Plasma 17/L [31m>[37m (29))
./planet.h:735: const char* Planet::printDealArrow(82, 85, 1)
./menu.h:117: int Menu::addOption(%i: Latinum %i/kg %s (%d), 2: Latinum 82/kg [32m<[37m (6))
./menu.h:124: int Menu::addOption(2: Latinum 82/kg [32m<[37m (6))
./planet.h:735: const char* Planet::printDealArrow(391, 425, 1)
./menu.h:117: int Menu::addOption(%i: Water %i/L %s (%d), 3: Water 391/L [32m<[37m (1))
./menu.h:124: int Menu::addOption(3: Water 391/L [32m<[37m (1))
./menu.h:117: int Menu::addOption(%d: Buy, 1: Buy)
./menu.h:124: int Menu::addOption(1: Buy)
./planet.h:824: done adding menu items
./menu.h:117: int Menu::addOption(%d: Sell, 2: Sell)
./menu.h:124: int Menu::addOption(2: Sell)
./menu.h:117: int Menu::addOption(%d: Bar, 4: Bar)
./menu.h:124: int Menu::addOption(4: Bar)
./planet.h:75: Planet initialized: 1
./planet.h:129: void Planet::planetHUD()
./planet.h:1281: void planetWindow()
./drawable.h:5: void drawWindow(1, 1, 60, 23)
./drawable.h:289: void minimalHUD(2, 25)
./drawable.h:487: static char* hudColours(0, 0)
./drawable.h:487: static char* hudColours(100, 100)
./drawable.h:487: static char* hudColours(1000, 1000)
./utils.h:200: const char* securityStatus()
./drawable.h:391: static char* weaponStatus()
cTrekGame.cpp:678: int weaponsCheck(1)
./ship.h:114: int Ship::weaponCount()
./drawable.h:487: static char* hudColours(0, 0)
./utils.h:160: static char* prefix(500, n)
./drawable.h:413: void comLog(1, 30)
./drawable.h:5: void drawWindow(1, 30, 60, 5)
./menu.h:182: 

menu choice: B
